<?xml version="1.0" encoding="utf-8"?>
<TestRun id="f07f0e81-229e-4f83-873f-ae30e6179f78" name="Dell@DESKTOP-J6I016E 2026-06-10 22:43:23" runUser="DESKTOP-J6I016E\Dell" xmlns="http://microsoft.com/schemas/VisualStudio/TeamTest/2010">
  <Times creation="2026-06-10T22:43:23.8161269+07:00" queuing="2026-06-10T22:43:23.8161269+07:00" start="2026-06-10T22:43:03.9826357+07:00" finish="2026-06-10T22:47:30.4724690+07:00" />
  <TestSettings name="default" id="e02d41f7-7c50-43b1-862c-f46e900235e3">
    <Deployment runDeploymentRoot="Dell_DESKTOP-J6I016E_2026-06-10_22_43_23" />
  </TestSettings>
  <Results>
    <UnitTestResult executionId="b694e287-4461-483b-9c20-8d552ce169a3" testId="5aff605e-2474-b891-46c5-659e7af8cf20" testName="tCADMIN10" computerName="DESKTOP-J6I016E" duration="00:00:11.5257817" startTime="2026-06-10T22:44:43.4838767+07:00" endTime="2026-06-10T22:44:55.0107374+07:00" testType="13cdc9d9-ddb5-4fa4-a97d-d965ccfc6d4b" outcome="Passed" testListId="8c84fa94-04c1-424b-9868-57a2d4851a1d" relativeResultsDirectory="b694e287-4461-483b-9c20-8d552ce169a3" />
    <UnitTestResult executionId="422d55b0-090d-49ea-96bc-2abb392e2d95" testId="6cc14e0c-e84a-88ab-c974-1b9bb5a16f81" testName="tCADMIN08" computerName="DESKTOP-J6I016E" duration="00:00:10.9043262" startTime="2026-06-10T22:44:21.9252339+07:00" endTime="2026-06-10T22:44:32.8283528+07:00" testType="13cdc9d9-ddb5-4fa4-a97d-d965ccfc6d4b" outcome="Passed" testListId="8c84fa94-04c1-424b-9868-57a2d4851a1d" relativeResultsDirectory="422d55b0-090d-49ea-96bc-2abb392e2d95" />
    <UnitTestResult executionId="9332e819-85c2-4bfb-97a0-a4c95de2a9a5" testId="3e7883da-564b-9a44-5907-fe1718a78ac0" testName="tCADMIN04" computerName="DESKTOP-J6I016E" duration="00:00:09.9300725" startTime="2026-06-10T22:43:40.4766202+07:00" endTime="2026-06-10T22:43:50.4064132+07:00" testType="13cdc9d9-ddb5-4fa4-a97d-d965ccfc6d4b" outcome="Passed" testListId="8c84fa94-04c1-424b-9868-57a2d4851a1d" relativeResultsDirectory="9332e819-85c2-4bfb-97a0-a4c95de2a9a5" />
    <UnitTestResult executionId="89e37578-ce0c-4b79-ab50-58307fef7b90" testId="36bab48e-5f42-41b1-fdb4-290d3b2d0b95" testName="tCADMIN07" computerName="DESKTOP-J6I016E" duration="00:00:13.3329603" startTime="2026-06-10T22:44:08.5917257+07:00" endTime="2026-06-10T22:44:21.9252339+07:00" testType="13cdc9d9-ddb5-4fa4-a97d-d965ccfc6d4b" outcome="Passed" testListId="8c84fa94-04c1-424b-9868-57a2d4851a1d" relativeResultsDirectory="89e37578-ce0c-4b79-ab50-58307fef7b90" />
    <UnitTestResult executionId="9c17fa01-82d2-4307-9217-8b9e4a7841b6" testId="42da0dae-5796-6fd6-96c7-2e6759d2eb09" testName="tCADMIN11" computerName="DESKTOP-J6I016E" duration="00:00:12.8785481" startTime="2026-06-10T22:44:55.0107374+07:00" endTime="2026-06-10T22:45:07.8892359+07:00" testType="13cdc9d9-ddb5-4fa4-a97d-d965ccfc6d4b" outcome="Passed" testListId="8c84fa94-04c1-424b-9868-57a2d4851a1d" relativeResultsDirectory="9c17fa01-82d2-4307-9217-8b9e4a7841b6" />
    <UnitTestResult executionId="b8a88906-55e6-4c67-a2fd-a7ca31d1fec4" testId="57d1943c-65ea-6126-10b7-a426e576efb0" testName="tCADMIN05" computerName="DESKTOP-J6I016E" duration="00:00:09.2453706" startTime="2026-06-10T22:43:50.4064132+07:00" endTime="2026-06-10T22:43:59.6524574+07:00" testType="13cdc9d9-ddb5-4fa4-a97d-d965ccfc6d4b" outcome="Passed" testListId="8c84fa94-04c1-424b-9868-57a2d4851a1d" relativeResultsDirectory="b8a88906-55e6-4c67-a2fd-a7ca31d1fec4" />
    <UnitTestResult executionId="a81c5dec-6fde-45dc-9035-7102ba925b27" testId="753c4c9a-75d5-6297-db18-e68bd46b2849" testName="tCADMIN13" computerName="DESKTOP-J6I016E" duration="00:00:10.3470652" startTime="2026-06-10T22:45:19.8875204+07:00" endTime="2026-06-10T22:45:30.2351613+07:00" testType="13cdc9d9-ddb5-4fa4-a97d-d965ccfc6d4b" outcome="Passed" testListId="8c84fa94-04c1-424b-9868-57a2d4851a1d" relativeResultsDirectory="a81c5dec-6fde-45dc-9035-7102ba925b27">
      <Output>
        <StdOut>DEBUG BACKUP RECORD TEXT: Sao lưu Toàn bộ (Full) thành công!File lưu tại: D:\Backups_QLMayBay\QLMayBay_FULL_Backup_Test_20260610_224529.bak</StdOut>
      </Output>
    </UnitTestResult>
    <UnitTestResult executionId="393e85bf-1628-45b8-a919-51379e3feb49" testId="c341b123-d573-865b-3e26-eecb768849cf" testName="tCDATVE16" computerName="DESKTOP-J6I016E" duration="00:00:21.0070822" startTime="2026-06-10T22:46:52.8099824+07:00" endTime="2026-06-10T22:47:13.8174614+07:00" testType="13cdc9d9-ddb5-4fa4-a97d-d965ccfc6d4b" outcome="Failed" testListId="8c84fa94-04c1-424b-9868-57a2d4851a1d" relativeResultsDirectory="393e85bf-1628-45b8-a919-51379e3feb49">
      <Output>
        <ErrorInfo>
          <Message>Test method QuanLyMayBayTest.TCADMIN01Test.tCDATVE16 threw exception: &#xD;
OpenQA.Selenium.WebDriverTimeoutException: Timed out after 10 seconds ---&gt; OpenQA.Selenium.NoSuchElementException: no such element: Unable to locate element: {"method":"css selector","selector":".bg-red-100 p"}
  (Session info: chrome=148.0.7778.217); For documentation on this error, please visit: https://www.selenium.dev/documentation/webdriver/troubleshooting/errors#nosuchelementexception</Message>
          <StackTrace>    at OpenQA.Selenium.WebDriver.UnpackAndThrowOnError(Response errorResponse, String commandToExecute)&#xD;
   at OpenQA.Selenium.WebDriver.&lt;ExecuteAsync&gt;d__63.MoveNext()&#xD;
--- End of stack trace from previous location where exception was thrown ---&#xD;
   at System.Runtime.ExceptionServices.ExceptionDispatchInfo.Throw()&#xD;
   at System.Runtime.CompilerServices.TaskAwaiter.HandleNonSuccessAndDebuggerNotification(Task task)&#xD;
   at OpenQA.Selenium.WebDriver.Execute(String driverCommandToExecute, Dictionary`2 parameters)&#xD;
   at OpenQA.Selenium.WebDriver.FindElement(String mechanism, String value)&#xD;
   at QuanLyMayBayTest.TCADMIN01Test.&lt;&gt;c.&lt;tCDATVE16&gt;b__27_6(IWebDriver d) in e:\Tich_Ta_KiemDinh\DoAnMonHoc\QuanLyMayBay\QuanLyMayBayTest\NguyenVanDuc.cs:line 1116&#xD;
   at OpenQA.Selenium.Support.UI.DefaultWait`1.Until[TResult](Func`2 condition, CancellationToken token)&#xD;
--- End of inner exception stack trace ---&#xD;
    at OpenQA.Selenium.Support.UI.DefaultWait`1.ThrowTimeoutException(String exceptionMessage, Exception lastException)&#xD;
   at OpenQA.Selenium.Support.UI.DefaultWait`1.Until[TResult](Func`2 condition, CancellationToken token)&#xD;
   at OpenQA.Selenium.Support.UI.DefaultWait`1.Until[TResult](Func`2 condition)&#xD;
   at QuanLyMayBayTest.TCADMIN01Test.tCDATVE16() in e:\Tich_Ta_KiemDinh\DoAnMonHoc\QuanLyMayBay\QuanLyMayBayTest\NguyenVanDuc.cs:line 1116&#xD;
</StackTrace>
        </ErrorInfo>
      </Output>
    </UnitTestResult>
    <UnitTestResult executionId="2a4d73c9-1551-49cc-8262-dd032e608f4e" testId="6b003f0f-1d10-9789-ad92-d61a95562aac" testName="tCADMIN09" computerName="DESKTOP-J6I016E" duration="00:00:10.6537429" startTime="2026-06-10T22:44:32.8304560+07:00" endTime="2026-06-10T22:44:43.4838767+07:00" testType="13cdc9d9-ddb5-4fa4-a97d-d965ccfc6d4b" outcome="Passed" testListId="8c84fa94-04c1-424b-9868-57a2d4851a1d" relativeResultsDirectory="2a4d73c9-1551-49cc-8262-dd032e608f4e" />
    <UnitTestResult executionId="f8592996-a556-457a-9d1b-16f27b912996" testId="348da6f5-0a2d-d43c-3e25-d5463b52bc9b" testName="tCADMIN12" computerName="DESKTOP-J6I016E" duration="00:00:11.9982041" startTime="2026-06-10T22:45:07.8892359+07:00" endTime="2026-06-10T22:45:19.8875204+07:00" testType="13cdc9d9-ddb5-4fa4-a97d-d965ccfc6d4b" outcome="Passed" testListId="8c84fa94-04c1-424b-9868-57a2d4851a1d" relativeResultsDirectory="f8592996-a556-457a-9d1b-16f27b912996" />
    <UnitTestResult executionId="030d84f3-4a2a-49b3-9711-44df15833166" testId="a78e4e4a-2469-b524-e5a6-449855fbee2e" testName="tCADMIN03" computerName="DESKTOP-J6I016E" duration="00:00:08.7917730" startTime="2026-06-10T22:43:31.6846399+07:00" endTime="2026-06-10T22:43:40.4766202+07:00" testType="13cdc9d9-ddb5-4fa4-a97d-d965ccfc6d4b" outcome="Passed" testListId="8c84fa94-04c1-424b-9868-57a2d4851a1d" relativeResultsDirectory="030d84f3-4a2a-49b3-9711-44df15833166" />
    <UnitTestResult executionId="d2a90bdc-d7db-4fdd-9e3a-03e58f0f709d" testId="239db3d4-c351-c415-f437-3ec6ddcafdee" testName="tCBVA04" computerName="DESKTOP-J6I016E" duration="00:00:10.8460560" startTime="2026-06-10T22:45:57.7889802+07:00" endTime="2026-06-10T22:46:08.6353179+07:00" testType="13cdc9d9-ddb5-4fa4-a97d-d965ccfc6d4b" outcome="Failed" testListId="8c84fa94-04c1-424b-9868-57a2d4851a1d" relativeResultsDirectory="d2a90bdc-d7db-4fdd-9e3a-03e58f0f709d">
      <Output>
        <ErrorInfo>
          <Message>Assert.AreEqual failed. Expected:&lt;Check-in thành công!&gt;. Actual:&lt;&gt;. </Message>
          <StackTrace>   at QuanLyMayBayTest.TCADMIN01Test.tCBVA04() in e:\Tich_Ta_KiemDinh\DoAnMonHoc\QuanLyMayBay\QuanLyMayBayTest\NguyenVanDuc.cs:line 884&#xD;
</StackTrace>
        </ErrorInfo>
      </Output>
    </UnitTestResult>
    <UnitTestResult executionId="14e5b698-49ba-46e4-8a32-1d91c4ae0abd" testId="36d3e017-9a5d-e045-07ce-a22f043d0fce" testName="tCADMIN06" computerName="DESKTOP-J6I016E" duration="00:00:08.9383077" startTime="2026-06-10T22:43:59.6524574+07:00" endTime="2026-06-10T22:44:08.5917257+07:00" testType="13cdc9d9-ddb5-4fa4-a97d-d965ccfc6d4b" outcome="Passed" testListId="8c84fa94-04c1-424b-9868-57a2d4851a1d" relativeResultsDirectory="14e5b698-49ba-46e4-8a32-1d91c4ae0abd" />
    <UnitTestResult executionId="946c3557-8b7c-4b6a-8a2f-a141ea7925c7" testId="6492264e-7c22-cf76-acc1-9668ccdee6b7" testName="tCADMIN14" computerName="DESKTOP-J6I016E" duration="00:00:09.7383948" startTime="2026-06-10T22:45:30.2351613+07:00" endTime="2026-06-10T22:45:39.9751568+07:00" testType="13cdc9d9-ddb5-4fa4-a97d-d965ccfc6d4b" outcome="Passed" testListId="8c84fa94-04c1-424b-9868-57a2d4851a1d" relativeResultsDirectory="946c3557-8b7c-4b6a-8a2f-a141ea7925c7" />
    <UnitTestResult executionId="d5684b95-16ca-44d5-88cb-5bb8dec18004" testId="c7fde5b2-8440-f6c7-b8b8-c88d30ca7910" testName="tCADMIN02" computerName="DESKTOP-J6I016E" duration="00:00:07.8709967" startTime="2026-06-10T22:43:23.8124708+07:00" endTime="2026-06-10T22:43:31.6836309+07:00" testType="13cdc9d9-ddb5-4fa4-a97d-d965ccfc6d4b" outcome="Passed" testListId="8c84fa94-04c1-424b-9868-57a2d4851a1d" relativeResultsDirectory="d5684b95-16ca-44d5-88cb-5bb8dec18004" />
    <UnitTestResult executionId="c2d4e4ac-d05c-4c68-b9de-19ababa1e1d5" testId="5cc0300e-6532-ce26-8608-e2b045a54643" testName="tCADMIN15" computerName="DESKTOP-J6I016E" duration="00:00:08.5613150" startTime="2026-06-10T22:45:39.9751568+07:00" endTime="2026-06-10T22:45:48.5361804+07:00" testType="13cdc9d9-ddb5-4fa4-a97d-d965ccfc6d4b" outcome="Passed" testListId="8c84fa94-04c1-424b-9868-57a2d4851a1d" relativeResultsDirectory="c2d4e4ac-d05c-4c68-b9de-19ababa1e1d5" />
    <UnitTestResult executionId="d1686d87-20d1-4133-9765-7f2b45c485ff" testId="9e0d767b-ff12-9b67-fab1-2f92e7eab9f0" testName="tCADMIN01" computerName="DESKTOP-J6I016E" duration="00:00:19.0348738" startTime="2026-06-10T22:43:04.6784449+07:00" endTime="2026-06-10T22:43:23.7873066+07:00" testType="13cdc9d9-ddb5-4fa4-a97d-d965ccfc6d4b" outcome="Passed" testListId="8c84fa94-04c1-424b-9868-57a2d4851a1d" relativeResultsDirectory="d1686d87-20d1-4133-9765-7f2b45c485ff" />
    <UnitTestResult executionId="f90e08fd-70ed-4148-85a2-4a28612c8965" testId="1269528d-c3bf-f16e-ad65-d31be3aa6387" testName="tCDATVE14" computerName="DESKTOP-J6I016E" duration="00:00:20.4676482" startTime="2026-06-10T22:46:08.6353179+07:00" endTime="2026-06-10T22:46:29.1089919+07:00" testType="13cdc9d9-ddb5-4fa4-a97d-d965ccfc6d4b" outcome="Failed" testListId="8c84fa94-04c1-424b-9868-57a2d4851a1d" relativeResultsDirectory="f90e08fd-70ed-4148-85a2-4a28612c8965">
      <Output>
        <StdOut>DEBUG FAILURE URL: https://localhost:44373/User/ChonCho?MaCB=CB01%20%20%20%20%20%20&#xD;
DEBUG FAILURE PAGE SOURCE: &lt;html lang="vi"&gt;&lt;head&gt;&#xD;
    &lt;meta charset="UTF-8"&gt;&#xD;
    &lt;meta name="viewport" content="width=device-width, initial-scale=1.0"&gt;&#xD;
    &lt;title&gt;SkyBooking - Đặt vé máy bay&lt;/title&gt;&#xD;
    &lt;script src="https://cdn.tailwindcss.com"&gt;&lt;/script&gt;&#xD;
    &lt;link href="https://cdnjs.cloudflare.com/ajax/libs/font-awesome/6.0.0/css/all.min.css" rel="stylesheet"&gt;&#xD;
    &lt;link href="https://fonts.googleapis.com/css2?family=Inter:wght@300;400;500;600;700;800;900&amp;amp;display=swap" rel="stylesheet"&gt;&#xD;
    &lt;link rel="stylesheet" href="https://cdnjs.cloudflare.com/ajax/libs/font-awesome/6.5.1/css/all.min.css"&gt;&#xD;
    &lt;link href="https://unpkg.com/aos@2.3.1/dist/aos.css" rel="stylesheet"&gt;&#xD;
    &lt;script src="https://unpkg.com/aos@2.3.1/dist/aos.js"&gt;&lt;/script&gt;&#xD;
    &lt;script src="https://cdnjs.cloudflare.com/ajax/libs/gsap/3.12.5/gsap.min.js"&gt;&lt;/script&gt;&#xD;
    &lt;script&gt;&#xD;
        tailwind.config = {&#xD;
            theme: {&#xD;
                extend: {&#xD;
                    colors: {&#xD;
                        primary: '#1e40af',&#xD;
                        secondary: '#f59e0b',&#xD;
                        accent: '#fb923c'&#xD;
                    }&#xD;
                }&#xD;
            }&#xD;
        }&#xD;
    &lt;/script&gt;&#xD;
&lt;style&gt;*, ::before, ::after{--tw-border-spacing-x:0;--tw-border-spacing-y:0;--tw-translate-x:0;--tw-translate-y:0;--tw-rotate:0;--tw-skew-x:0;--tw-skew-y:0;--tw-scale-x:1;--tw-scale-y:1;--tw-pan-x: ;--tw-pan-y: ;--tw-pinch-zoom: ;--tw-scroll-snap-strictness:proximity;--tw-gradient-from-position: ;--tw-gradient-via-position: ;--tw-gradient-to-position: ;--tw-ordinal: ;--tw-slashed-zero: ;--tw-numeric-figure: ;--tw-numeric-spacing: ;--tw-numeric-fraction: ;--tw-ring-inset: ;--tw-ring-offset-width:0px;--tw-ring-offset-color:#fff;--tw-ring-color:rgb(59 130 246 / 0.5);--tw-ring-offset-shadow:0 0 #0000;--tw-ring-shadow:0 0 #0000;--tw-shadow:0 0 #0000;--tw-shadow-colored:0 0 #0000;--tw-blur: ;--tw-brightness: ;--tw-contrast: ;--tw-grayscale: ;--tw-hue-rotate: ;--tw-invert: ;--tw-saturate: ;--tw-sepia: ;--tw-drop-shadow: ;--tw-backdrop-blur: ;--tw-backdrop-brightness: ;--tw-backdrop-contrast: ;--tw-backdrop-grayscale: ;--tw-backdrop-hue-rotate: ;--tw-backdrop-invert: ;--tw-backdrop-opacity: ;--tw-backdrop-saturate: ;--tw-backdrop-sepia: ;--tw-contain-size: ;--tw-contain-layout: ;--tw-contain-paint: ;--tw-contain-style: }::backdrop{--tw-border-spacing-x:0;--tw-border-spacing-y:0;--tw-translate-x:0;--tw-translate-y:0;--tw-rotate:0;--tw-skew-x:0;--tw-skew-y:0;--tw-scale-x:1;--tw-scale-y:1;--tw-pan-x: ;--tw-pan-y: ;--tw-pinch-zoom: ;--tw-scroll-snap-strictness:proximity;--tw-gradient-from-position: ;--tw-gradient-via-position: ;--tw-gradient-to-position: ;--tw-ordinal: ;--tw-slashed-zero: ;--tw-numeric-figure: ;--tw-numeric-spacing: ;--tw-numeric-fraction: ;--tw-ring-inset: ;--tw-ring-offset-width:0px;--tw-ring-offset-color:#fff;--tw-ring-color:rgb(59 130 246 / 0.5);--tw-ring-offset-shadow:0 0 #0000;--tw-ring-shadow:0 0 #0000;--tw-shadow:0 0 #0000;--tw-shadow-colored:0 0 #0000;--tw-blur: ;--tw-brightness: ;--tw-contrast: ;--tw-grayscale: ;--tw-hue-rotate: ;--tw-invert: ;--tw-saturate: ;--tw-sepia: ;--tw-drop-shadow: ;--tw-backdrop-blur: ;--tw-backdrop-brightness: ;--tw-backdrop-contrast: ;--tw-backdrop-grayscale: ;--tw-backdrop-hue-rotate: ;--tw-backdrop-invert: ;--tw-backdrop-opacity: ;--tw-backdrop-saturate: ;--tw-backdrop-sepia: ;--tw-contain-size: ;--tw-contain-layout: ;--tw-contain-paint: ;--tw-contain-style: }/* ! tailwindcss v3.4.17 | MIT License | https://tailwindcss.com */*,::after,::before{box-sizing:border-box;border-width:0;border-style:solid;border-color:#e5e7eb}::after,::before{--tw-content:''}:host,html{line-height:1.5;-webkit-text-size-adjust:100%;-moz-tab-size:4;tab-size:4;font-family:ui-sans-serif, system-ui, sans-serif, "Apple Color Emoji", "Segoe UI Emoji", "Segoe UI Symbol", "Noto Color Emoji";font-feature-settings:normal;font-variation-settings:normal;-webkit-tap-highlight-color:transparent}body{margin:0;line-height:inherit}hr{height:0;color:inherit;border-top-width:1px}abbr:where([title]){-webkit-text-decoration:underline dotted;text-decoration:underline dotted}h1,h2,h3,h4,h5,h6{font-size:inherit;font-weight:inherit}a{color:inherit;text-decoration:inherit}b,strong{font-weight:bolder}code,kbd,pre,samp{font-family:ui-monospace, SFMono-Regular, Menlo, Monaco, Consolas, "Liberation Mono", "Courier New", monospace;font-feature-settings:normal;font-variation-settings:normal;font-size:1em}small{font-size:80%}sub,sup{font-size:75%;line-height:0;position:relative;vertical-align:baseline}sub{bottom:-.25em}sup{top:-.5em}table{text-indent:0;border-color:inherit;border-collapse:collapse}button,input,optgroup,select,textarea{font-family:inherit;font-feature-settings:inherit;font-variation-settings:inherit;font-size:100%;font-weight:inherit;line-height:inherit;letter-spacing:inherit;color:inherit;margin:0;padding:0}button,select{text-transform:none}button,input:where([type=button]),input:where([type=reset]),input:where([type=submit]){-webkit-appearance:button;background-color:transparent;background-image:none}:-moz-focusring{outline:auto}:-moz-ui-invalid{box-shadow:none}progress{vertical-align:baseline}::-webkit-inner-spin-button,::-webkit-outer-spin-button{height:auto}[type=search]{-webkit-appearance:textfield;outline-offset:-2px}::-webkit-search-decoration{-webkit-appearance:none}::-webkit-file-upload-button{-webkit-appearance:button;font:inherit}summary{display:list-item}blockquote,dd,dl,figure,h1,h2,h3,h4,h5,h6,hr,p,pre{margin:0}fieldset{margin:0;padding:0}legend{padding:0}menu,ol,ul{list-style:none;margin:0;padding:0}dialog{padding:0}textarea{resize:vertical}input::placeholder,textarea::placeholder{opacity:1;color:#9ca3af}[role=button],button{cursor:pointer}:disabled{cursor:default}audio,canvas,embed,iframe,img,object,svg,video{display:block;vertical-align:middle}img,video{max-width:100%;height:auto}[hidden]:where(:not([hidden=until-found])){display:none}.container{width:100%}@media (min-width: 640px){.container{max-width:640px}}@media (min-width: 768px){.container{max-width:768px}}@media (min-width: 1024px){.container{max-width:1024px}}@media (min-width: 1280px){.container{max-width:1280px}}@media (min-width: 1536px){.container{max-width:1536px}}.pointer-events-none{pointer-events:none}.invisible{visibility:hidden}.absolute{position:absolute}.relative{position:relative}.sticky{position:sticky}.left-0{left:0px}.right-0{right:0px}.top-0{top:0px}.top-6{top:1.5rem}.top-full{top:100%}.z-40{z-index:40}.z-50{z-index:50}.mx-auto{margin-left:auto;margin-right:auto}.mb-2{margin-bottom:0.5rem}.mb-3{margin-bottom:0.75rem}.mb-4{margin-bottom:1rem}.mb-6{margin-bottom:1.5rem}.mb-8{margin-bottom:2rem}.ml-1{margin-left:0.25rem}.mr-3{margin-right:0.75rem}.mt-2{margin-top:0.5rem}.mt-4{margin-top:1rem}.mt-6{margin-top:1.5rem}.mt-8{margin-top:2rem}.mr-2{margin-right:0.5rem}.block{display:block}.flex{display:flex}.grid{display:grid}.hidden{display:none}.h-14{height:3.5rem}.h-16{height:4rem}.h-4{height:1rem}.h-8{height:2rem}.h-full{height:100%}.w-4{width:1rem}.w-48{width:12rem}.w-56{width:14rem}.w-8{width:2rem}.w-full{width:100%}.max-w-7xl{max-width:80rem}.max-w-lg{max-width:32rem}.flex-1{flex:1 1 0%}.cursor-pointer{cursor:pointer}.grid-cols-1{grid-template-columns:repeat(1, minmax(0, 1fr))}.grid-cols-6{grid-template-columns:repeat(6, minmax(0, 1fr))}.flex-col{flex-direction:column}.flex-wrap{flex-wrap:wrap}.items-center{align-items:center}.justify-center{justify-content:center}.justify-between{justify-content:space-between}.gap-2{gap:0.5rem}.gap-4{gap:1rem}.gap-6{gap:1.5rem}.gap-8{gap:2rem}.space-x-3 &gt; :not([hidden]) ~ :not([hidden]){--tw-space-x-reverse:0;margin-right:calc(0.75rem * var(--tw-space-x-reverse));margin-left:calc(0.75rem * calc(1 - var(--tw-space-x-reverse)))}.space-x-4 &gt; :not([hidden]) ~ :not([hidden]){--tw-space-x-reverse:0;margin-right:calc(1rem * var(--tw-space-x-reverse));margin-left:calc(1rem * calc(1 - var(--tw-space-x-reverse)))}.space-x-8 &gt; :not([hidden]) ~ :not([hidden]){--tw-space-x-reverse:0;margin-right:calc(2rem * var(--tw-space-x-reverse));margin-left:calc(2rem * calc(1 - var(--tw-space-x-reverse)))}.space-y-2 &gt; :not([hidden]) ~ :not([hidden]){--tw-space-y-reverse:0;margin-top:calc(0.5rem * calc(1 - var(--tw-space-y-reverse)));margin-bottom:calc(0.5rem * var(--tw-space-y-reverse))}.rounded{border-radius:0.25rem}.rounded-full{border-radius:9999px}.rounded-lg{border-radius:0.5rem}.rounded-b-lg{border-bottom-right-radius:0.5rem;border-bottom-left-radius:0.5rem}.rounded-t-full{border-top-left-radius:9999px;border-top-right-radius:9999px}.border{border-width:1px}.border-2{border-width:2px}.border-b{border-bottom-width:1px}.border-l-4{border-left-width:4px}.border-t{border-top-width:1px}.border-blue-200{--tw-border-opacity:1;border-color:rgb(191 219 254 / var(--tw-border-opacity, 1))}.border-blue-500{--tw-border-opacity:1;border-color:rgb(59 130 246 / var(--tw-border-opacity, 1))}.border-blue-700{--tw-border-opacity:1;border-color:rgb(29 78 216 / var(--tw-border-opacity, 1))}.border-gray-100{--tw-border-opacity:1;border-color:rgb(243 244 246 / var(--tw-border-opacity, 1))}.border-gray-200{--tw-border-opacity:1;border-color:rgb(229 231 235 / var(--tw-border-opacity, 1))}.border-gray-700{--tw-border-opacity:1;border-color:rgb(55 65 81 / var(--tw-border-opacity, 1))}.bg-gray-50{--tw-bg-opacity:1;background-color:rgb(249 250 251 / var(--tw-bg-opacity, 1))}.bg-black{--tw-bg-opacity:1;background-color:rgb(0 0 0 / var(--tw-bg-opacity, 1))}.bg-blue-50{--tw-bg-opacity:1;background-color:rgb(239 246 255 / var(--tw-bg-opacity, 1))}.bg-blue-500{--tw-bg-opacity:1;background-color:rgb(59 130 246 / var(--tw-bg-opacity, 1))}.bg-blue-600{--tw-bg-opacity:1;background-color:rgb(37 99 235 / var(--tw-bg-opacity, 1))}.bg-gray-200{--tw-bg-opacity:1;background-color:rgb(229 231 235 / var(--tw-bg-opacity, 1))}.bg-gray-400{--tw-bg-opacity:1;background-color:rgb(156 163 175 / var(--tw-bg-opacity, 1))}.bg-green-500{--tw-bg-opacity:1;background-color:rgb(34 197 94 / var(--tw-bg-opacity, 1))}.bg-orange-500{--tw-bg-opacity:1;background-color:rgb(249 115 22 / var(--tw-bg-opacity, 1))}.bg-white{--tw-bg-opacity:1;background-color:rgb(255 255 255 / var(--tw-bg-opacity, 1))}.bg-gray-800{--tw-bg-opacity:1;background-color:rgb(31 41 55 / var(--tw-bg-opacity, 1))}.bg-gradient-to-br{background-image:linear-gradient(to bottom right, var(--tw-gradient-stops))}.bg-gradient-to-r{background-image:linear-gradient(to right, var(--tw-gradient-stops))}.from-blue-50{--tw-gradient-from:#eff6ff var(--tw-gradient-from-position);--tw-gradient-to:rgb(239 246 255 / 0) var(--tw-gradient-to-position);--tw-gradient-stops:var(--tw-gradient-from), var(--tw-gradient-to)}.from-gray-300{--tw-gradient-from:#d1d5db var(--tw-gradient-from-position);--tw-gradient-to:rgb(209 213 219 / 0) var(--tw-gradient-to-position);--tw-gradient-stops:var(--tw-gradient-from), var(--tw-gradient-to)}.to-gray-400{--tw-gradient-to:#9ca3af var(--tw-gradient-to-position)}.to-indigo-100{--tw-gradient-to:#e0e7ff var(--tw-gradient-to-position)}.object-cover{object-fit:cover}.p-2{padding:0.5rem}.p-3{padding:0.75rem}.p-4{padding:1rem}.px-2{padding-left:0.5rem;padding-right:0.5rem}.px-4{padding-left:1rem;padding-right:1rem}.py-1{padding-top:0.25rem;padding-bottom:0.25rem}.py-2{padding-top:0.5rem;padding-bottom:0.5rem}.py-3{padding-top:0.75rem;padding-bottom:0.75rem}.py-6{padding-top:1.5rem;padding-bottom:1.5rem}.py-12{padding-top:3rem;padding-bottom:3rem}.pb-12{padding-bottom:3rem}.pt-2{padding-top:0.5rem}.pt-4{padding-top:1rem}.pt-8{padding-top:2rem}.text-left{text-align:left}.text-center{text-align:center}.font-sans{font-family:ui-sans-serif, system-ui, sans-serif, "Apple Color Emoji", "Segoe UI Emoji", "Segoe UI Symbol", "Noto Color Emoji"}.text-2xl{font-size:1.5rem;line-height:2rem}.text-lg{font-size:1.125rem;line-height:1.75rem}.text-sm{font-size:0.875rem;line-height:1.25rem}.text-xl{font-size:1.25rem;line-height:1.75rem}.text-xs{font-size:0.75rem;line-height:1rem}.font-bold{font-weight:700}.font-medium{font-weight:500}.font-semibold{font-weight:600}.text-blue-600{--tw-text-opacity:1;color:rgb(37 99 235 / var(--tw-text-opacity, 1))}.text-blue-800{--tw-text-opacity:1;color:rgb(30 64 175 / var(--tw-text-opacity, 1))}.text-blue-900{--tw-text-opacity:1;color:rgb(30 58 138 / var(--tw-text-opacity, 1))}.text-gray-400{--tw-text-opacity:1;color:rgb(156 163 175 / var(--tw-text-opacity, 1))}.text-gray-500{--tw-text-opacity:1;color:rgb(107 114 128 / var(--tw-text-opacity, 1))}.text-gray-600{--tw-text-opacity:1;color:rgb(75 85 99 / var(--tw-text-opacity, 1))}.text-gray-700{--tw-text-opacity:1;color:rgb(55 65 81 / var(--tw-text-opacity, 1))}.text-gray-800{--tw-text-opacity:1;color:rgb(31 41 55 / var(--tw-text-opacity, 1))}.text-red-600{--tw-text-opacity:1;color:rgb(220 38 38 / var(--tw-text-opacity, 1))}.text-white{--tw-text-opacity:1;color:rgb(255 255 255 / var(--tw-text-opacity, 1))}.text-blue-400{--tw-text-opacity:1;color:rgb(96 165 250 / var(--tw-text-opacity, 1))}.opacity-0{opacity:0}.shadow-lg{--tw-shadow:0 10px 15px -3px rgb(0 0 0 / 0.1), 0 4px 6px -4px rgb(0 0 0 / 0.1);--tw-shadow-colored:0 10px 15px -3px var(--tw-shadow-color), 0 4px 6px -4px var(--tw-shadow-color);box-shadow:var(--tw-ring-offset-shadow, 0 0 #0000), var(--tw-ring-shadow, 0 0 #0000), var(--tw-shadow)}.shadow-md{--tw-shadow:0 4px 6px -1px rgb(0 0 0 / 0.1), 0 2px 4px -2px rgb(0 0 0 / 0.1);--tw-shadow-colored:0 4px 6px -1px var(--tw-shadow-color), 0 2px 4px -2px var(--tw-shadow-color);box-shadow:var(--tw-ring-offset-shadow, 0 0 #0000), var(--tw-ring-shadow, 0 0 #0000), var(--tw-shadow)}.shadow-sm{--tw-shadow:0 1px 2px 0 rgb(0 0 0 / 0.05);--tw-shadow-colored:0 1px 2px 0 var(--tw-shadow-color);box-shadow:var(--tw-ring-offset-shadow, 0 0 #0000), var(--tw-ring-shadow, 0 0 #0000), var(--tw-shadow)}.transition-all{transition-property:all;transition-timing-function:cubic-bezier(0.4, 0, 0.2, 1);transition-duration:150ms}.transition-colors{transition-property:color, background-color, border-color, fill, stroke, -webkit-text-decoration-color;transition-property:color, background-color, border-color, text-decoration-color, fill, stroke;transition-property:color, background-color, border-color, text-decoration-color, fill, stroke, -webkit-text-decoration-color;transition-timing-function:cubic-bezier(0.4, 0, 0.2, 1);transition-duration:150ms}.duration-200{transition-duration:200ms}.hover\:bg-blue-50:hover{--tw-bg-opacity:1;background-color:rgb(239 246 255 / var(--tw-bg-opacity, 1))}.hover\:bg-blue-700:hover{--tw-bg-opacity:1;background-color:rgb(29 78 216 / var(--tw-bg-opacity, 1))}.hover\:bg-gray-100:hover{--tw-bg-opacity:1;background-color:rgb(243 244 246 / var(--tw-bg-opacity, 1))}.hover\:bg-gray-50:hover{--tw-bg-opacity:1;background-color:rgb(249 250 251 / var(--tw-bg-opacity, 1))}.hover\:bg-red-50:hover{--tw-bg-opacity:1;background-color:rgb(254 242 242 / var(--tw-bg-opacity, 1))}.hover\:text-blue-600:hover{--tw-text-opacity:1;color:rgb(37 99 235 / var(--tw-text-opacity, 1))}.hover\:text-blue-300:hover{--tw-text-opacity:1;color:rgb(147 197 253 / var(--tw-text-opacity, 1))}.hover\:text-white:hover{--tw-text-opacity:1;color:rgb(255 255 255 / var(--tw-text-opacity, 1))}.disabled\:cursor-not-allowed:disabled{cursor:not-allowed}.disabled\:bg-gray-400:disabled{--tw-bg-opacity:1;background-color:rgb(156 163 175 / var(--tw-bg-opacity, 1))}.group:hover .group-hover\:visible{visibility:visible}.group:hover .group-hover\:block{display:block}.group:hover .group-hover\:opacity-100{opacity:1}@media (min-width: 640px){.sm\:block{display:block}.sm\:flex-row{flex-direction:row}.sm\:px-6{padding-left:1.5rem;padding-right:1.5rem}}@media (min-width: 768px){.md\:flex{display:flex}.md\:hidden{display:none}.md\:grid-cols-2{grid-template-columns:repeat(2, minmax(0, 1fr))}.md\:grid-cols-4{grid-template-columns:repeat(4, minmax(0, 1fr))}.md\:gap-6{gap:1.5rem}.md\:gap-8{gap:2rem}.md\:p-6{padding:1.5rem}.md\:pb-20{padding-bottom:5rem}.md\:text-3xl{font-size:1.875rem;line-height:2.25rem}.md\:text-xl{font-size:1.25rem;line-height:1.75rem}}@media (min-width: 1024px){.lg\:col-span-1{grid-column:span 1 / span 1}.lg\:col-span-2{grid-column:span 2 / span 2}.lg\:hidden{display:none}.lg\:grid-cols-3{grid-template-columns:repeat(3, minmax(0, 1fr))}.lg\:px-8{padding-left:2rem;padding-right:2rem}}&lt;/style&gt;&lt;/head&gt;&#xD;
&lt;body class="bg-gray-50 font-sans"&gt;&#xD;
    &lt;!-- Header --&gt;&#xD;
    &lt;header class="bg-white shadow-sm border-b border-gray-100"&gt;&#xD;
        &lt;div class="max-w-7xl mx-auto px-4 sm:px-6 lg:px-8"&gt;&#xD;
            &lt;div class="flex justify-between items-center h-16"&gt;&#xD;
                &lt;!-- Logo --&gt;&#xD;
                &lt;div class="flex items-center"&gt;&#xD;
                    &lt;i class="fas fa-plane text-blue-600 text-2xl mr-3"&gt;&lt;/i&gt;&#xD;
                    &lt;span class="text-2xl font-bold text-blue-600"&gt;SkyBooking&lt;/span&gt;&#xD;
                &lt;/div&gt;&#xD;
&#xD;
&#xD;
&#xD;
                    &lt;!-- Navigation Menu --&gt;&#xD;
                    &lt;nav class="hidden md:flex space-x-8"&gt;&#xD;
                        &lt;a href="/User/TrangChu" class="navbar-item text-gray-700 hover:text-blue-600 transition-colors"&gt;&#xD;
                            Trang chủ&#xD;
                        &lt;/a&gt;&#xD;
                        &lt;a href="/User/DatVe" class="navbar-item text-gray-700 hover:text-blue-600 transition-colors"&gt;Đặt Vé&lt;/a&gt;&#xD;
                        &lt;a href="/User/VeCuaToi" class="navbar-item text-gray-700 hover:text-blue-600 transition-colors"&gt;Vé của tôi&lt;/a&gt;&#xD;
                        &lt;a href="/User/CheckIn" class="navbar-item text-gray-700 hover:text-blue-600 transition-colors"&gt;Check-in&lt;/a&gt;&#xD;
                        &lt;a href="/User/DangNhap" class="navbar-item text-gray-700 hover:text-blue-600 transition-colors"&gt;Liên hệ&lt;/a&gt;&#xD;
                    &lt;/nav&gt;&#xD;
                    &lt;!-- User Profile Dropdown --&gt;&#xD;
                    &lt;div class="flex items-center space-x-4"&gt;&#xD;
                        &lt;div class="relative group"&gt;&#xD;
                            &lt;button class="flex items-center space-x-3 bg-gray-50 hover:bg-gray-100 px-4 py-2 rounded-lg transition-colors"&gt;&#xD;
                                &lt;img src="/Content/Images/User/KH01.msi" alt="Avatar" class="w-8 h-8 rounded-full object-cover"&gt;&#xD;
                                &lt;div class="text-left hidden sm:block"&gt;&#xD;
                                    &lt;p class="text-sm font-medium text-gray-800"&gt;Nguyễn Minh Khoa&lt;/p&gt;&#xD;
                                    &lt;p class="text-xs text-gray-500"&gt;Premium Member&lt;/p&gt;&#xD;
                                &lt;/div&gt;&#xD;
                                &lt;i class="fas fa-chevron-down text-gray-500 text-sm"&gt;&lt;/i&gt;&#xD;
                            &lt;/button&gt;&#xD;
&#xD;
                            &lt;!-- Dropdown Menu --&gt;&#xD;
                            &lt;div class="absolute right-0 mt-2 w-56 bg-white rounded-lg shadow-lg border border-gray-100 opacity-0 invisible group-hover:opacity-100 group-hover:visible transition-all duration-200 z-50"&gt;&#xD;
                                &lt;div class="py-2"&gt;&#xD;
                                    &lt;div class="px-4 py-3 border-b border-gray-100"&gt;&#xD;
                                        &lt;p class="text-sm font-medium text-gray-800"&gt;Nguyễn Minh Khoa&lt;/p&gt;&#xD;
                                        &lt;p class="text-xs text-gray-500"&gt;khoa@gmail.com&lt;/p&gt;&#xD;
                                    &lt;/div&gt;&#xD;
                                    &lt;a href="/User/HoSo" class="flex items-center px-4 py-2 text-sm text-gray-700 hover:bg-gray-50"&gt;&#xD;
                                        &lt;i class="fas fa-user mr-3 text-gray-400"&gt;&lt;/i&gt;Hồ sơ cá nhân&#xD;
                                    &lt;/a&gt;&#xD;
                                    &lt;a href="/User/VeCuaToi" class="flex items-center px-4 py-2 text-sm text-gray-700 hover:bg-gray-50"&gt;&#xD;
                                        &lt;i class="fas fa-ticket-alt mr-3 text-gray-400"&gt;&lt;/i&gt;Vé của tôi&#xD;
                                    &lt;/a&gt;&#xD;
                                    &lt;a href="/User/CaiDat" class="flex items-center px-4 py-2 text-sm text-gray-700 hover:bg-gray-50"&gt;&#xD;
                                        &lt;i class="fas fa-cog mr-3 text-gray-400"&gt;&lt;/i&gt;Cài đặt&#xD;
                                    &lt;/a&gt;&#xD;
                                    &lt;div class="border-t border-gray-100 mt-2 pt-2"&gt;&#xD;
                                        &lt;a href="/User/DangXuat" class="flex items-center px-4 py-2 text-sm text-red-600 hover:bg-red-50"&gt;&#xD;
                                            &lt;i class="fas fa-sign-out-alt mr-3"&gt;&lt;/i&gt;Đăng xuất&#xD;
                                        &lt;/a&gt;&#xD;
                                    &lt;/div&gt;&#xD;
                                &lt;/div&gt;&#xD;
                            &lt;/div&gt;&#xD;
                        &lt;/div&gt;&#xD;
&#xD;
                        &lt;!-- Mobile Menu Button --&gt;&#xD;
                        &lt;button class="md:hidden text-gray-700"&gt;&#xD;
                            &lt;i class="fas fa-bars text-xl"&gt;&lt;/i&gt;&#xD;
                        &lt;/button&gt;&#xD;
                    &lt;/div&gt;&#xD;
&#xD;
&#xD;
            &lt;/div&gt;&#xD;
        &lt;/div&gt;&#xD;
    &lt;/header&gt;&#xD;
        &lt;nav class="bg-white border-b border-gray-200 sticky top-0 z-40"&gt;&#xD;
            &lt;div class="max-w-7xl mx-auto px-4 sm:px-6 lg:px-8"&gt;&#xD;
                &lt;div class="flex justify-between h-14"&gt;&#xD;
&#xD;
                    &lt;ul class="flex space-x-8 items-center"&gt;&#xD;
&#xD;
                        &lt;li class="relative group h-full flex items-center"&gt;&#xD;
                            &lt;button class="text-gray-700 hover:text-blue-600 font-medium flex items-center h-full"&gt;&#xD;
                                Hãng Hàng Không &lt;i class="fas fa-chevron-down ml-1 text-xs"&gt;&lt;/i&gt;&#xD;
                            &lt;/button&gt;&#xD;
                            &lt;div class="absolute left-0 top-full w-48 bg-white border border-gray-200 shadow-lg rounded-b-lg hidden group-hover:block"&gt;&#xD;
                                &lt;form action="/User/LocChuyen" method="post"&gt;&#xD;
                                            &lt;button type="submit" name="hang" value="Airbus" class="block w-full text-left px-4 py-2 text-sm text-gray-700 hover:bg-blue-50 hover:text-blue-600"&gt;Airbus&lt;/button&gt;&#xD;
                                            &lt;button type="submit" name="hang" value="ATR" class="block w-full text-left px-4 py-2 text-sm text-gray-700 hover:bg-blue-50 hover:text-blue-600"&gt;ATR&lt;/button&gt;&#xD;
                                            &lt;button type="submit" name="hang" value="Boeing" class="block w-full text-left px-4 py-2 text-sm text-gray-700 hover:bg-blue-50 hover:text-blue-600"&gt;Boeing&lt;/button&gt;&#xD;
                                            &lt;button type="submit" name="hang" value="Bombardier" class="block w-full text-left px-4 py-2 text-sm text-gray-700 hover:bg-blue-50 hover:text-blue-600"&gt;Bombardier&lt;/button&gt;&#xD;
                                            &lt;button type="submit" name="hang" value="Embraer" class="block w-full text-left px-4 py-2 text-sm text-gray-700 hover:bg-blue-50 hover:text-blue-600"&gt;Embraer&lt;/button&gt;&#xD;
&#xD;
                                &lt;/form&gt;&#xD;
                            &lt;/div&gt;&#xD;
                        &lt;/li&gt;&#xD;
&#xD;
                        &lt;li class="relative group h-full flex items-center"&gt;&#xD;
                            &lt;button class="text-gray-700 hover:text-blue-600 font-medium flex items-center h-full"&gt;&#xD;
                                Mức Giá &lt;i class="fas fa-chevron-down ml-1 text-xs"&gt;&lt;/i&gt;&#xD;
                            &lt;/button&gt;&#xD;
                            &lt;div class="absolute left-0 top-full w-48 bg-white border border-gray-200 shadow-lg rounded-b-lg hidden group-hover:block"&gt;&#xD;
                                &lt;form action="/User/LocChuyen" method="post"&gt;&#xD;
                                    &lt;button type="submit" name="gia" value="duoi2" class="block w-full text-left px-4 py-2 text-sm text-gray-700 hover:bg-blue-50 hover:text-blue-600"&gt;Dưới 2 triệu&lt;/button&gt;&#xD;
                                    &lt;button type="submit" name="gia" value="2den5" class="block w-full text-left px-4 py-2 text-sm text-gray-700 hover:bg-blue-50 hover:text-blue-600"&gt;Từ 2 - 5 triệu&lt;/button&gt;&#xD;
                                    &lt;button type="submit" name="gia" value="tren5" class="block w-full text-left px-4 py-2 text-sm text-gray-700 hover:bg-blue-50 hover:text-blue-600"&gt;Trên 5 triệu&lt;/button&gt;&#xD;
                                &lt;/form&gt;&#xD;
                            &lt;/div&gt;&#xD;
                        &lt;/li&gt;&#xD;
&#xD;
                        &lt;li class="relative group h-full flex items-center"&gt;&#xD;
                            &lt;button class="text-gray-700 hover:text-blue-600 font-medium flex items-center h-full"&gt;&#xD;
                                Giờ Bay &lt;i class="fas fa-chevron-down ml-1 text-xs"&gt;&lt;/i&gt;&#xD;
                            &lt;/button&gt;&#xD;
                            &lt;div class="absolute left-0 top-full w-56 bg-white border border-gray-200 shadow-lg rounded-b-lg hidden group-hover:block"&gt;&#xD;
                                &lt;form action="/User/LocChuyen" method="post"&gt;&#xD;
                                    &lt;button type="submit" name="gio" value="sang" class="block w-full text-left px-4 py-2 text-sm text-gray-700 hover:bg-blue-50 hover:text-blue-600"&gt;Sáng sớm (06:00 - 12:00)&lt;/button&gt;&#xD;
                                    &lt;button type="submit" name="gio" value="chieu" class="block w-full text-left px-4 py-2 text-sm text-gray-700 hover:bg-blue-50 hover:text-blue-600"&gt;Buổi chiều (12:00 - 18:00)&lt;/button&gt;&#xD;
                                    &lt;button type="submit" name="gio" value="toi" class="block w-full text-left px-4 py-2 text-sm text-gray-700 hover:bg-blue-50 hover:text-blue-600"&gt;Buổi tối (18:00 - 24:00)&lt;/button&gt;&#xD;
                                &lt;/form&gt;&#xD;
                            &lt;/div&gt;&#xD;
                        &lt;/li&gt;&#xD;
                    &lt;/ul&gt;&#xD;
&#xD;
                    &lt;div class="flex items-center"&gt;&#xD;
                        &lt;button id="filterToggle" class="lg:hidden p-2 text-gray-600"&gt;&#xD;
                            &lt;i class="fas fa-filter"&gt;&lt;/i&gt;&#xD;
                        &lt;/button&gt;&#xD;
                    &lt;/div&gt;&#xD;
                &lt;/div&gt;&#xD;
            &lt;/div&gt;&#xD;
        &lt;/nav&gt;&#xD;
    &lt;!-- Hero Section with Search --&gt;&#xD;
    &lt;section class="bg-gradient-to-br from-blue-50 to-indigo-100 pb-12 md:pb-20"&gt;&#xD;
        &#xD;
&lt;input type="hidden" id="MaCB" value="CB01      "&gt;&#xD;
&lt;input type="hidden" id="MaGH"&gt;&#xD;
&lt;input type="hidden" id="SoHanhKhach" value="1"&gt;&#xD;
&#xD;
&lt;div class="container mx-auto px-4 py-6 max-w-7xl"&gt;&#xD;
&#xD;
    &lt;div class="mb-6"&gt;&#xD;
        &lt;h1 class="text-2xl md:text-3xl font-bold text-gray-800 mb-2"&gt;Chọn Ghế Ngồi&lt;/h1&gt;&#xD;
        &lt;p class="text-gray-600"&gt;&#xD;
            Chuyến bay &lt;strong&gt;MB01      &lt;/strong&gt; •&#xD;
            Hồ Chí Minh → Hà Nội •&#xD;
            09:27 - 09:27 •&#xD;
            1 Hành khách&#xD;
        &lt;/p&gt;&#xD;
    &lt;/div&gt;&#xD;
&#xD;
    &lt;div class="grid grid-cols-1 lg:grid-cols-3 gap-6 md:gap-8"&gt;&#xD;
        &lt;!-- SƠ ĐỒ GHẾ --&gt;&#xD;
        &lt;div class="lg:col-span-2"&gt;&#xD;
            &lt;div class="bg-white rounded-lg shadow-md p-4 md:p-6"&gt;&#xD;
                &lt;h2 class="text-lg md:text-xl font-semibold mb-4"&gt;Sơ Đồ Ghế&lt;/h2&gt;&#xD;
&#xD;
                &lt;!-- Chú thích --&gt;&#xD;
                &lt;div class="flex flex-wrap gap-4 mb-6 text-sm"&gt;&#xD;
                    &lt;div class="flex items-center gap-2"&gt;&#xD;
                        &lt;div class="w-4 h-4 bg-green-500 rounded"&gt;&lt;/div&gt;&#xD;
                        &lt;span&gt;Ghế trống&lt;/span&gt;&#xD;
                    &lt;/div&gt;&#xD;
                    &lt;div class="flex items-center gap-2"&gt;&#xD;
                        &lt;div class="w-4 h-4 bg-gray-400 rounded"&gt;&lt;/div&gt;&#xD;
                        &lt;span&gt;Đã đặt&lt;/span&gt;&#xD;
                    &lt;/div&gt;&#xD;
                    &lt;div class="flex items-center gap-2"&gt;&#xD;
                        &lt;div class="w-4 h-4 bg-orange-500 rounded"&gt;&lt;/div&gt;&#xD;
                        &lt;span&gt;Ghế đặc biệt&lt;/span&gt;&#xD;
                    &lt;/div&gt;&#xD;
                    &lt;div class="flex items-center gap-2"&gt;&#xD;
                        &lt;div class="w-4 h-4 bg-blue-500 rounded border-2 border-blue-700"&gt;&lt;/div&gt;&#xD;
                        &lt;span&gt;Đã chọn&lt;/span&gt;&#xD;
                    &lt;/div&gt;&#xD;
                &lt;/div&gt;&#xD;
&#xD;
                &lt;!-- Lưu ý --&gt;&#xD;
                &lt;div class="mb-4 p-3 bg-blue-50 border border-blue-200 rounded-lg"&gt;&#xD;
                    &lt;p class="text-sm text-blue-800"&gt;&#xD;
                        &lt;span class="font-semibold"&gt;Lưu ý:&lt;/span&gt;&#xD;
                        Vui lòng chọn &lt;strong&gt;1 ghế&lt;/strong&gt; cho 1 hành khách&#xD;
                    &lt;/p&gt;&#xD;
                &lt;/div&gt;&#xD;
&#xD;
                &lt;div class="relative"&gt;&#xD;
                    &lt;!-- Đầu máy bay --&gt;&#xD;
                    &lt;div class="w-full h-8 bg-gradient-to-r from-gray-300 to-gray-400 rounded-t-full mb-6 flex items-center justify-center"&gt;&#xD;
                        &lt;span class="text-xs font-medium text-gray-700"&gt;Đầu máy bay&lt;/span&gt;&#xD;
                    &lt;/div&gt;&#xD;
&#xD;
                    &lt;!-- VÒNG LẶP THEO HẠNG GHẾ --&gt;&#xD;
                        &lt;div class="mb-8"&gt;&#xD;
                            &lt;h3 class="text-sm font-medium text-gray-700 mb-3"&gt;Thương gia&lt;/h3&gt;&#xD;
                            &lt;div class="grid grid-cols-6 gap-2 max-w-lg mx-auto"&gt;&#xD;
                                        &lt;div class="seat occupied" data-seat="01A" data-price="4500000.0000" data-class-name="Thương gia" title="01A - 4,500,000 VNĐ"&gt;&#xD;
                                            &lt;span class="text-xs font-medium"&gt;01A&lt;/span&gt;&#xD;
                                        &lt;/div&gt;&#xD;
                                        &lt;div class="seat special" data-seat="01B" data-price="4500000.0000" data-class-name="Thương gia" onclick="selectSeat(this)" title="01B - 4,500,000 VNĐ"&gt;&#xD;
                                            &lt;span class="text-xs font-medium"&gt;01B&lt;/span&gt;&#xD;
                                        &lt;/div&gt;&#xD;
                                        &lt;div class="seat special" data-seat="01C" data-price="4500000.0000" data-class-name="Thương gia" onclick="selectSeat(this)" title="01C - 4,500,000 VNĐ"&gt;&#xD;
                                            &lt;span class="text-xs font-medium"&gt;01C&lt;/span&gt;&#xD;
                                        &lt;/div&gt;&#xD;
                                        &lt;div class="seat special" data-seat="01D" data-price="4500000.0000" data-class-name="Thương gia" onclick="selectSeat(this)" title="01D - 4,500,000 VNĐ"&gt;&#xD;
                                            &lt;span class="text-xs font-medium"&gt;01D&lt;/span&gt;&#xD;
                                        &lt;/div&gt;&#xD;
                                        &lt;div class="seat special" data-seat="01E" data-price="4500000.0000" data-class-name="Thương gia" onclick="selectSeat(this)" title="01E - 4,500,000 VNĐ"&gt;&#xD;
                                            &lt;span class="text-xs font-medium"&gt;01E&lt;/span&gt;&#xD;
                                        &lt;/div&gt;&#xD;
                                        &lt;div class="seat special" data-seat="01F" data-price="4500000.0000" data-class-name="Thương gia" onclick="selectSeat(this)" title="01F - 4,500,000 VNĐ"&gt;&#xD;
                                            &lt;span class="text-xs font-medium"&gt;01F&lt;/span&gt;&#xD;
                                        &lt;/div&gt;&#xD;
                                        &lt;div class="seat special" data-seat="02A" data-price="4500000.0000" data-class-name="Thương gia" onclick="selectSeat(this)" title="02A - 4,500,000 VNĐ"&gt;&#xD;
                                            &lt;span class="text-xs font-medium"&gt;02A&lt;/span&gt;&#xD;
                                        &lt;/div&gt;&#xD;
                                        &lt;div class="seat special" data-seat="02B" data-price="4500000.0000" data-class-name="Thương gia" onclick="selectSeat(this)" title="02B - 4,500,000 VNĐ"&gt;&#xD;
                                            &lt;span class="text-xs font-medium"&gt;02B&lt;/span&gt;&#xD;
                                        &lt;/div&gt;&#xD;
                                        &lt;div class="seat special" data-seat="02C" data-price="4500000.0000" data-class-name="Thương gia" onclick="selectSeat(this)" title="02C - 4,500,000 VNĐ"&gt;&#xD;
                                            &lt;span class="text-xs font-medium"&gt;02C&lt;/span&gt;&#xD;
                                        &lt;/div&gt;&#xD;
                                        &lt;div class="seat special" data-seat="02D" data-price="4500000.0000" data-class-name="Thương gia" onclick="selectSeat(this)" title="02D - 4,500,000 VNĐ"&gt;&#xD;
                                            &lt;span class="text-xs font-medium"&gt;02D&lt;/span&gt;&#xD;
                                        &lt;/div&gt;&#xD;
                                        &lt;div class="seat special" data-seat="02E" data-price="4500000.0000" data-class-name="Thương gia" onclick="selectSeat(this)" title="02E - 4,500,000 VNĐ"&gt;&#xD;
                                            &lt;span class="text-xs font-medium"&gt;02E&lt;/span&gt;&#xD;
                                        &lt;/div&gt;&#xD;
                                        &lt;div class="seat special" data-seat="02F" data-price="4500000.0000" data-class-name="Thương gia" onclick="selectSeat(this)" title="02F - 4,500,000 VNĐ"&gt;&#xD;
                                            &lt;span class="text-xs font-medium"&gt;02F&lt;/span&gt;&#xD;
                                        &lt;/div&gt;&#xD;
                            &lt;/div&gt;&#xD;
                        &lt;/div&gt;&#xD;
                        &lt;div class="mb-8"&gt;&#xD;
                            &lt;h3 class="text-sm font-medium text-gray-700 mb-3"&gt;Phổ thông&lt;/h3&gt;&#xD;
                            &lt;div class="grid grid-cols-6 gap-2 max-w-lg mx-auto"&gt;&#xD;
                                        &lt;div class="seat occupied" data-seat="01A" data-price="1950000.0000" data-class-name="Phổ thông" title="01A - 1,950,000 VNĐ"&gt;&#xD;
                                            &lt;span class="text-xs font-medium"&gt;01A&lt;/span&gt;&#xD;
                                        &lt;/div&gt;&#xD;
                                        &lt;div class="seat available selected" data-seat="01B" data-price="1950000.0000" data-class-name="Phổ thông" onclick="selectSeat(this)" title="01B - 1,950,000 VNĐ"&gt;&#xD;
                                            &lt;span class="text-xs font-medium"&gt;01B&lt;/span&gt;&#xD;
                                        &lt;/div&gt;&#xD;
                                        &lt;div class="seat available" data-seat="01C" data-price="1950000.0000" data-class-name="Phổ thông" onclick="selectSeat(this)" title="01C - 1,950,000 VNĐ"&gt;&#xD;
                                            &lt;span class="text-xs font-medium"&gt;01C&lt;/span&gt;&#xD;
                                        &lt;/div&gt;&#xD;
                                        &lt;div class="seat available" data-seat="01D" data-price="1950000.0000" data-class-name="Phổ thông" onclick="selectSeat(this)" title="01D - 1,950,000 VNĐ"&gt;&#xD;
                                            &lt;span class="text-xs font-medium"&gt;01D&lt;/span&gt;&#xD;
                                        &lt;/div&gt;&#xD;
                                        &lt;div class="seat available" data-seat="01E" data-price="1950000.0000" data-class-name="Phổ thông" onclick="selectSeat(this)" title="01E - 1,950,000 VNĐ"&gt;&#xD;
                                            &lt;span class="text-xs font-medium"&gt;01E&lt;/span&gt;&#xD;
                                        &lt;/div&gt;&#xD;
                                        &lt;div class="seat available" data-seat="01F" data-price="1950000.0000" data-class-name="Phổ thông" onclick="selectSeat(this)" title="01F - 1,950,000 VNĐ"&gt;&#xD;
                                            &lt;span class="text-xs font-medium"&gt;01F&lt;/span&gt;&#xD;
                                        &lt;/div&gt;&#xD;
                                        &lt;div class="seat available" data-seat="02A" data-price="1950000.0000" data-class-name="Phổ thông" onclick="selectSeat(this)" title="02A - 1,950,000 VNĐ"&gt;&#xD;
                                            &lt;span class="text-xs font-medium"&gt;02A&lt;/span&gt;&#xD;
                                        &lt;/div&gt;&#xD;
                                        &lt;div class="seat available" data-seat="02B" data-price="1950000.0000" data-class-name="Phổ thông" onclick="selectSeat(this)" title="02B - 1,950,000 VNĐ"&gt;&#xD;
                                            &lt;span class="text-xs font-medium"&gt;02B&lt;/span&gt;&#xD;
                                        &lt;/div&gt;&#xD;
                                        &lt;div class="seat available" data-seat="02C" data-price="1950000.0000" data-class-name="Phổ thông" onclick="selectSeat(this)" title="02C - 1,950,000 VNĐ"&gt;&#xD;
                                            &lt;span class="text-xs font-medium"&gt;02C&lt;/span&gt;&#xD;
                                        &lt;/div&gt;&#xD;
                                        &lt;div class="seat available" data-seat="02D" data-price="1950000.0000" data-class-name="Phổ thông" onclick="selectSeat(this)" title="02D - 1,950,000 VNĐ"&gt;&#xD;
                                            &lt;span class="text-xs font-medium"&gt;02D&lt;/span&gt;&#xD;
                                        &lt;/div&gt;&#xD;
                                        &lt;div class="seat available" data-seat="02E" data-price="1950000.0000" data-class-name="Phổ thông" onclick="selectSeat(this)" title="02E - 1,950,000 VNĐ"&gt;&#xD;
                                            &lt;span class="text-xs font-medium"&gt;02E&lt;/span&gt;&#xD;
                                        &lt;/div&gt;&#xD;
                                        &lt;div class="seat available" data-seat="02F" data-price="1950000.0000" data-class-name="Phổ thông" onclick="selectSeat(this)" title="02F - 1,950,000 VNĐ"&gt;&#xD;
                                            &lt;span class="text-xs font-medium"&gt;02F&lt;/span&gt;&#xD;
                                        &lt;/div&gt;&#xD;
                                        &lt;div class="seat available" data-seat="03A" data-price="1950000.0000" data-class-name="Phổ thông" onclick="selectSeat(this)" title="03A - 1,950,000 VNĐ"&gt;&#xD;
                                            &lt;span class="text-xs font-medium"&gt;03A&lt;/span&gt;&#xD;
                                        &lt;/div&gt;&#xD;
                                        &lt;div class="seat available" data-seat="03B" data-price="1950000.0000" data-class-name="Phổ thông" onclick="selectSeat(this)" title="03B - 1,950,000 VNĐ"&gt;&#xD;
                                            &lt;span class="text-xs font-medium"&gt;03B&lt;/span&gt;&#xD;
                                        &lt;/div&gt;&#xD;
                                        &lt;div class="seat available" data-seat="03C" data-price="1950000.0000" data-class-name="Phổ thông" onclick="selectSeat(this)" title="03C - 1,950,000 VNĐ"&gt;&#xD;
                                            &lt;span class="text-xs font-medium"&gt;03C&lt;/span&gt;&#xD;
                                        &lt;/div&gt;&#xD;
                                        &lt;div class="seat available" data-seat="03D" data-price="1950000.0000" data-class-name="Phổ thông" onclick="selectSeat(this)" title="03D - 1,950,000 VNĐ"&gt;&#xD;
                                            &lt;span class="text-xs font-medium"&gt;03D&lt;/span&gt;&#xD;
                                        &lt;/div&gt;&#xD;
                                        &lt;div class="seat available" data-seat="03E" data-price="1950000.0000" data-class-name="Phổ thông" onclick="selectSeat(this)" title="03E - 1,950,000 VNĐ"&gt;&#xD;
                                            &lt;span class="text-xs font-medium"&gt;03E&lt;/span&gt;&#xD;
                                        &lt;/div&gt;&#xD;
                                        &lt;div class="seat available" data-seat="03F" data-price="1950000.0000" data-class-name="Phổ thông" onclick="selectSeat(this)" title="03F - 1,950,000 VNĐ"&gt;&#xD;
                                            &lt;span class="text-xs font-medium"&gt;03F&lt;/span&gt;&#xD;
                                        &lt;/div&gt;&#xD;
                                        &lt;div class="seat available" data-seat="04A" data-price="1950000.0000" data-class-name="Phổ thông" onclick="selectSeat(this)" title="04A - 1,950,000 VNĐ"&gt;&#xD;
                                            &lt;span class="text-xs font-medium"&gt;04A&lt;/span&gt;&#xD;
                                        &lt;/div&gt;&#xD;
                                        &lt;div class="seat available" data-seat="04B" data-price="1950000.0000" data-class-name="Phổ thông" onclick="selectSeat(this)" title="04B - 1,950,000 VNĐ"&gt;&#xD;
                                            &lt;span class="text-xs font-medium"&gt;04B&lt;/span&gt;&#xD;
                                        &lt;/div&gt;&#xD;
                                        &lt;div class="seat available" data-seat="04C" data-price="1950000.0000" data-class-name="Phổ thông" onclick="selectSeat(this)" title="04C - 1,950,000 VNĐ"&gt;&#xD;
                                            &lt;span class="text-xs font-medium"&gt;04C&lt;/span&gt;&#xD;
                                        &lt;/div&gt;&#xD;
                                        &lt;div class="seat available" data-seat="04D" data-price="1950000.0000" data-class-name="Phổ thông" onclick="selectSeat(this)" title="04D - 1,950,000 VNĐ"&gt;&#xD;
                                            &lt;span class="text-xs font-medium"&gt;04D&lt;/span&gt;&#xD;
                                        &lt;/div&gt;&#xD;
                                        &lt;div class="seat available" data-seat="04E" data-price="1950000.0000" data-class-name="Phổ thông" onclick="selectSeat(this)" title="04E - 1,950,000 VNĐ"&gt;&#xD;
                                            &lt;span class="text-xs font-medium"&gt;04E&lt;/span&gt;&#xD;
                                        &lt;/div&gt;&#xD;
                                        &lt;div class="seat available" data-seat="04F" data-price="1950000.0000" data-class-name="Phổ thông" onclick="selectSeat(this)" title="04F - 1,950,000 VNĐ"&gt;&#xD;
                                            &lt;span class="text-xs font-medium"&gt;04F&lt;/span&gt;&#xD;
                                        &lt;/div&gt;&#xD;
                                        &lt;div class="seat available" data-seat="05A" data-price="1950000.0000" data-class-name="Phổ thông" onclick="selectSeat(this)" title="05A - 1,950,000 VNĐ"&gt;&#xD;
                                            &lt;span class="text-xs font-medium"&gt;05A&lt;/span&gt;&#xD;
                                        &lt;/div&gt;&#xD;
                                        &lt;div class="seat available" data-seat="05B" data-price="1950000.0000" data-class-name="Phổ thông" onclick="selectSeat(this)" title="05B - 1,950,000 VNĐ"&gt;&#xD;
                                            &lt;span class="text-xs font-medium"&gt;05B&lt;/span&gt;&#xD;
                                        &lt;/div&gt;&#xD;
                                        &lt;div class="seat available" data-seat="05C" data-price="1950000.0000" data-class-name="Phổ thông" onclick="selectSeat(this)" title="05C - 1,950,000 VNĐ"&gt;&#xD;
                                            &lt;span class="text-xs font-medium"&gt;05C&lt;/span&gt;&#xD;
                                        &lt;/div&gt;&#xD;
                                        &lt;div class="seat available" data-seat="05D" data-price="1950000.0000" data-class-name="Phổ thông" onclick="selectSeat(this)" title="05D - 1,950,000 VNĐ"&gt;&#xD;
                                            &lt;span class="text-xs font-medium"&gt;05D&lt;/span&gt;&#xD;
                                        &lt;/div&gt;&#xD;
                                        &lt;div class="seat available" data-seat="05E" data-price="1950000.0000" data-class-name="Phổ thông" onclick="selectSeat(this)" title="05E - 1,950,000 VNĐ"&gt;&#xD;
                                            &lt;span class="text-xs font-medium"&gt;05E&lt;/span&gt;&#xD;
                                        &lt;/div&gt;&#xD;
                                        &lt;div class="seat available" data-seat="05F" data-price="1950000.0000" data-class-name="Phổ thông" onclick="selectSeat(this)" title="05F - 1,950,000 VNĐ"&gt;&#xD;
                                            &lt;span class="text-xs font-medium"&gt;05F&lt;/span&gt;&#xD;
                                        &lt;/div&gt;&#xD;
                                        &lt;div class="seat available" data-seat="06A" data-price="1950000.0000" data-class-name="Phổ thông" onclick="selectSeat(this)" title="06A - 1,950,000 VNĐ"&gt;&#xD;
                                            &lt;span class="text-xs font-medium"&gt;06A&lt;/span&gt;&#xD;
                                        &lt;/div&gt;&#xD;
                                        &lt;div class="seat available" data-seat="06B" data-price="1950000.0000" data-class-name="Phổ thông" onclick="selectSeat(this)" title="06B - 1,950,000 VNĐ"&gt;&#xD;
                                            &lt;span class="text-xs font-medium"&gt;06B&lt;/span&gt;&#xD;
                                        &lt;/div&gt;&#xD;
                                        &lt;div class="seat available" data-seat="06C" data-price="1950000.0000" data-class-name="Phổ thông" onclick="selectSeat(this)" title="06C - 1,950,000 VNĐ"&gt;&#xD;
                                            &lt;span class="text-xs font-medium"&gt;06C&lt;/span&gt;&#xD;
                                        &lt;/div&gt;&#xD;
                                        &lt;div class="seat available" data-seat="06D" data-price="1950000.0000" data-class-name="Phổ thông" onclick="selectSeat(this)" title="06D - 1,950,000 VNĐ"&gt;&#xD;
                                            &lt;span class="text-xs font-medium"&gt;06D&lt;/span&gt;&#xD;
                                        &lt;/div&gt;&#xD;
                                        &lt;div class="seat available" data-seat="06E" data-price="1950000.0000" data-class-name="Phổ thông" onclick="selectSeat(this)" title="06E - 1,950,000 VNĐ"&gt;&#xD;
                                            &lt;span class="text-xs font-medium"&gt;06E&lt;/span&gt;&#xD;
                                        &lt;/div&gt;&#xD;
                                        &lt;div class="seat available" data-seat="06F" data-price="1950000.0000" data-class-name="Phổ thông" onclick="selectSeat(this)" title="06F - 1,950,000 VNĐ"&gt;&#xD;
                                            &lt;span class="text-xs font-medium"&gt;06F&lt;/span&gt;&#xD;
                                        &lt;/div&gt;&#xD;
                                        &lt;div class="seat available" data-seat="07A" data-price="1950000.0000" data-class-name="Phổ thông" onclick="selectSeat(this)" title="07A - 1,950,000 VNĐ"&gt;&#xD;
                                            &lt;span class="text-xs font-medium"&gt;07A&lt;/span&gt;&#xD;
                                        &lt;/div&gt;&#xD;
                                        &lt;div class="seat available" data-seat="07B" data-price="1950000.0000" data-class-name="Phổ thông" onclick="selectSeat(this)" title="07B - 1,950,000 VNĐ"&gt;&#xD;
                                            &lt;span class="text-xs font-medium"&gt;07B&lt;/span&gt;&#xD;
                                        &lt;/div&gt;&#xD;
                                        &lt;div class="seat available" data-seat="07C" data-price="1950000.0000" data-class-name="Phổ thông" onclick="selectSeat(this)" title="07C - 1,950,000 VNĐ"&gt;&#xD;
                                            &lt;span class="text-xs font-medium"&gt;07C&lt;/span&gt;&#xD;
                                        &lt;/div&gt;&#xD;
                                        &lt;div class="seat available" data-seat="07D" data-price="1950000.0000" data-class-name="Phổ thông" onclick="selectSeat(this)" title="07D - 1,950,000 VNĐ"&gt;&#xD;
                                            &lt;span class="text-xs font-medium"&gt;07D&lt;/span&gt;&#xD;
                                        &lt;/div&gt;&#xD;
                                        &lt;div class="seat available" data-seat="07E" data-price="1950000.0000" data-class-name="Phổ thông" onclick="selectSeat(this)" title="07E - 1,950,000 VNĐ"&gt;&#xD;
                                            &lt;span class="text-xs font-medium"&gt;07E&lt;/span&gt;&#xD;
                                        &lt;/div&gt;&#xD;
                                        &lt;div class="seat available" data-seat="07F" data-price="1950000.0000" data-class-name="Phổ thông" onclick="selectSeat(this)" title="07F - 1,950,000 VNĐ"&gt;&#xD;
                                            &lt;span class="text-xs font-medium"&gt;07F&lt;/span&gt;&#xD;
                                        &lt;/div&gt;&#xD;
                                        &lt;div class="seat available" data-seat="08A" data-price="1950000.0000" data-class-name="Phổ thông" onclick="selectSeat(this)" title="08A - 1,950,000 VNĐ"&gt;&#xD;
                                            &lt;span class="text-xs font-medium"&gt;08A&lt;/span&gt;&#xD;
                                        &lt;/div&gt;&#xD;
                                        &lt;div class="seat available" data-seat="08B" data-price="1950000.0000" data-class-name="Phổ thông" onclick="selectSeat(this)" title="08B - 1,950,000 VNĐ"&gt;&#xD;
                                            &lt;span class="text-xs font-medium"&gt;08B&lt;/span&gt;&#xD;
                                        &lt;/div&gt;&#xD;
                                        &lt;div class="seat available" data-seat="08C" data-price="1950000.0000" data-class-name="Phổ thông" onclick="selectSeat(this)" title="08C - 1,950,000 VNĐ"&gt;&#xD;
                                            &lt;span class="text-xs font-medium"&gt;08C&lt;/span&gt;&#xD;
                                        &lt;/div&gt;&#xD;
                                        &lt;div class="seat available" data-seat="08D" data-price="1950000.0000" data-class-name="Phổ thông" onclick="selectSeat(this)" title="08D - 1,950,000 VNĐ"&gt;&#xD;
                                            &lt;span class="text-xs font-medium"&gt;08D&lt;/span&gt;&#xD;
                                        &lt;/div&gt;&#xD;
                                        &lt;div class="seat available" data-seat="08E" data-price="1950000.0000" data-class-name="Phổ thông" onclick="selectSeat(this)" title="08E - 1,950,000 VNĐ"&gt;&#xD;
                                            &lt;span class="text-xs font-medium"&gt;08E&lt;/span&gt;&#xD;
                                        &lt;/div&gt;&#xD;
                                        &lt;div class="seat available" data-seat="08F" data-price="1950000.0000" data-class-name="Phổ thông" onclick="selectSeat(this)" title="08F - 1,950,000 VNĐ"&gt;&#xD;
                                            &lt;span class="text-xs font-medium"&gt;08F&lt;/span&gt;&#xD;
                                        &lt;/div&gt;&#xD;
                                        &lt;div class="seat available" data-seat="09A" data-price="1950000.0000" data-class-name="Phổ thông" onclick="selectSeat(this)" title="09A - 1,950,000 VNĐ"&gt;&#xD;
                                            &lt;span class="text-xs font-medium"&gt;09A&lt;/span&gt;&#xD;
                                        &lt;/div&gt;&#xD;
                                        &lt;div class="seat available" data-seat="09B" data-price="1950000.0000" data-class-name="Phổ thông" onclick="selectSeat(this)" title="09B - 1,950,000 VNĐ"&gt;&#xD;
                                            &lt;span class="text-xs font-medium"&gt;09B&lt;/span&gt;&#xD;
                                        &lt;/div&gt;&#xD;
                                        &lt;div class="seat available" data-seat="09C" data-price="1950000.0000" data-class-name="Phổ thông" onclick="selectSeat(this)" title="09C - 1,950,000 VNĐ"&gt;&#xD;
                                            &lt;span class="text-xs font-medium"&gt;09C&lt;/span&gt;&#xD;
                                        &lt;/div&gt;&#xD;
                                        &lt;div class="seat available" data-seat="09D" data-price="1950000.0000" data-class-name="Phổ thông" onclick="selectSeat(this)" title="09D - 1,950,000 VNĐ"&gt;&#xD;
                                            &lt;span class="text-xs font-medium"&gt;09D&lt;/span&gt;&#xD;
                                        &lt;/div&gt;&#xD;
                                        &lt;div class="seat available" data-seat="09E" data-price="1950000.0000" data-class-name="Phổ thông" onclick="selectSeat(this)" title="09E - 1,950,000 VNĐ"&gt;&#xD;
                                            &lt;span class="text-xs font-medium"&gt;09E&lt;/span&gt;&#xD;
                                        &lt;/div&gt;&#xD;
                                        &lt;div class="seat available" data-seat="09F" data-price="1950000.0000" data-class-name="Phổ thông" onclick="selectSeat(this)" title="09F - 1,950,000 VNĐ"&gt;&#xD;
                                            &lt;span class="text-xs font-medium"&gt;09F&lt;/span&gt;&#xD;
                                        &lt;/div&gt;&#xD;
                                        &lt;div class="seat available" data-seat="10A" data-price="1950000.0000" data-class-name="Phổ thông" onclick="selectSeat(this)" title="10A - 1,950,000 VNĐ"&gt;&#xD;
                                            &lt;span class="text-xs font-medium"&gt;10A&lt;/span&gt;&#xD;
                                        &lt;/div&gt;&#xD;
                                        &lt;div class="seat available" data-seat="10B" data-price="1950000.0000" data-class-name="Phổ thông" onclick="selectSeat(this)" title="10B - 1,950,000 VNĐ"&gt;&#xD;
                                            &lt;span class="text-xs font-medium"&gt;10B&lt;/span&gt;&#xD;
                                        &lt;/div&gt;&#xD;
                                        &lt;div class="seat available" data-seat="10C" data-price="1950000.0000" data-class-name="Phổ thông" onclick="selectSeat(this)" title="10C - 1,950,000 VNĐ"&gt;&#xD;
                                            &lt;span class="text-xs font-medium"&gt;10C&lt;/span&gt;&#xD;
                                        &lt;/div&gt;&#xD;
                                        &lt;div class="seat available" data-seat="10D" data-price="1950000.0000" data-class-name="Phổ thông" onclick="selectSeat(this)" title="10D - 1,950,000 VNĐ"&gt;&#xD;
                                            &lt;span class="text-xs font-medium"&gt;10D&lt;/span&gt;&#xD;
                                        &lt;/div&gt;&#xD;
                                        &lt;div class="seat available" data-seat="10E" data-price="1950000.0000" data-class-name="Phổ thông" onclick="selectSeat(this)" title="10E - 1,950,000 VNĐ"&gt;&#xD;
                                            &lt;span class="text-xs font-medium"&gt;10E&lt;/span&gt;&#xD;
                                        &lt;/div&gt;&#xD;
                                        &lt;div class="seat available" data-seat="10F" data-price="1950000.0000" data-class-name="Phổ thông" onclick="selectSeat(this)" title="10F - 1,950,000 VNĐ"&gt;&#xD;
                                            &lt;span class="text-xs font-medium"&gt;10F&lt;/span&gt;&#xD;
                                        &lt;/div&gt;&#xD;
                                        &lt;div class="seat available" data-seat="11A" data-price="1950000.0000" data-class-name="Phổ thông" onclick="selectSeat(this)" title="11A - 1,950,000 VNĐ"&gt;&#xD;
                                            &lt;span class="text-xs font-medium"&gt;11A&lt;/span&gt;&#xD;
                                        &lt;/div&gt;&#xD;
                                        &lt;div class="seat available" data-seat="11B" data-price="1950000.0000" data-class-name="Phổ thông" onclick="selectSeat(this)" title="11B - 1,950,000 VNĐ"&gt;&#xD;
                                            &lt;span class="text-xs font-medium"&gt;11B&lt;/span&gt;&#xD;
                                        &lt;/div&gt;&#xD;
                                        &lt;div class="seat available" data-seat="11C" data-price="1950000.0000" data-class-name="Phổ thông" onclick="selectSeat(this)" title="11C - 1,950,000 VNĐ"&gt;&#xD;
                                            &lt;span class="text-xs font-medium"&gt;11C&lt;/span&gt;&#xD;
                                        &lt;/div&gt;&#xD;
                                        &lt;div class="seat available" data-seat="11D" data-price="1950000.0000" data-class-name="Phổ thông" onclick="selectSeat(this)" title="11D - 1,950,000 VNĐ"&gt;&#xD;
                                            &lt;span class="text-xs font-medium"&gt;11D&lt;/span&gt;&#xD;
                                        &lt;/div&gt;&#xD;
                                        &lt;div class="seat available" data-seat="11E" data-price="1950000.0000" data-class-name="Phổ thông" onclick="selectSeat(this)" title="11E - 1,950,000 VNĐ"&gt;&#xD;
                                            &lt;span class="text-xs font-medium"&gt;11E&lt;/span&gt;&#xD;
                                        &lt;/div&gt;&#xD;
                                        &lt;div class="seat available" data-seat="11F" data-price="1950000.0000" data-class-name="Phổ thông" onclick="selectSeat(this)" title="11F - 1,950,000 VNĐ"&gt;&#xD;
                                            &lt;span class="text-xs font-medium"&gt;11F&lt;/span&gt;&#xD;
                                        &lt;/div&gt;&#xD;
                                        &lt;div class="seat occupied" data-seat="12A" data-price="1950000.0000" data-class-name="Phổ thông" title="12A - 1,950,000 VNĐ"&gt;&#xD;
                                            &lt;span class="text-xs font-medium"&gt;12A&lt;/span&gt;&#xD;
                                        &lt;/div&gt;&#xD;
                                        &lt;div class="seat occupied" data-seat="12B" data-price="1950000.0000" data-class-name="Phổ thông" title="12B - 1,950,000 VNĐ"&gt;&#xD;
                                            &lt;span class="text-xs font-medium"&gt;12B&lt;/span&gt;&#xD;
                                        &lt;/div&gt;&#xD;
                                        &lt;div class="seat available" data-seat="12C" data-price="1950000.0000" data-class-name="Phổ thông" onclick="selectSeat(this)" title="12C - 1,950,000 VNĐ"&gt;&#xD;
                                            &lt;span class="text-xs font-medium"&gt;12C&lt;/span&gt;&#xD;
                                        &lt;/div&gt;&#xD;
                                        &lt;div class="seat available" data-seat="12D" data-price="1950000.0000" data-class-name="Phổ thông" onclick="selectSeat(this)" title="12D - 1,950,000 VNĐ"&gt;&#xD;
                                            &lt;span class="text-xs font-medium"&gt;12D&lt;/span&gt;&#xD;
                                        &lt;/div&gt;&#xD;
                                        &lt;div class="seat available" data-seat="12E" data-price="1950000.0000" data-class-name="Phổ thông" onclick="selectSeat(this)" title="12E - 1,950,000 VNĐ"&gt;&#xD;
                                            &lt;span class="text-xs font-medium"&gt;12E&lt;/span&gt;&#xD;
                                        &lt;/div&gt;&#xD;
                                        &lt;div class="seat available" data-seat="12F" data-price="1950000.0000" data-class-name="Phổ thông" onclick="selectSeat(this)" title="12F - 1,950,000 VNĐ"&gt;&#xD;
                                            &lt;span class="text-xs font-medium"&gt;12F&lt;/span&gt;&#xD;
                                        &lt;/div&gt;&#xD;
                                        &lt;div class="seat available" data-seat="13A" data-price="1950000.0000" data-class-name="Phổ thông" onclick="selectSeat(this)" title="13A - 1,950,000 VNĐ"&gt;&#xD;
                                            &lt;span class="text-xs font-medium"&gt;13A&lt;/span&gt;&#xD;
                                        &lt;/div&gt;&#xD;
                                        &lt;div class="seat available" data-seat="13B" data-price="1950000.0000" data-class-name="Phổ thông" onclick="selectSeat(this)" title="13B - 1,950,000 VNĐ"&gt;&#xD;
                                            &lt;span class="text-xs font-medium"&gt;13B&lt;/span&gt;&#xD;
                                        &lt;/div&gt;&#xD;
                                        &lt;div class="seat available" data-seat="13C" data-price="1950000.0000" data-class-name="Phổ thông" onclick="selectSeat(this)" title="13C - 1,950,000 VNĐ"&gt;&#xD;
                                            &lt;span class="text-xs font-medium"&gt;13C&lt;/span&gt;&#xD;
                                        &lt;/div&gt;&#xD;
                                        &lt;div class="seat available" data-seat="13D" data-price="1950000.0000" data-class-name="Phổ thông" onclick="selectSeat(this)" title="13D - 1,950,000 VNĐ"&gt;&#xD;
                                            &lt;span class="text-xs font-medium"&gt;13D&lt;/span&gt;&#xD;
                                        &lt;/div&gt;&#xD;
                                        &lt;div class="seat available" data-seat="13E" data-price="1950000.0000" data-class-name="Phổ thông" onclick="selectSeat(this)" title="13E - 1,950,000 VNĐ"&gt;&#xD;
                                            &lt;span class="text-xs font-medium"&gt;13E&lt;/span&gt;&#xD;
                                        &lt;/div&gt;&#xD;
                                        &lt;div class="seat available" data-seat="13F" data-price="1950000.0000" data-class-name="Phổ thông" onclick="selectSeat(this)" title="13F - 1,950,000 VNĐ"&gt;&#xD;
                                            &lt;span class="text-xs font-medium"&gt;13F&lt;/span&gt;&#xD;
                                        &lt;/div&gt;&#xD;
                                        &lt;div class="seat available" data-seat="14A" data-price="1950000.0000" data-class-name="Phổ thông" onclick="selectSeat(this)" title="14A - 1,950,000 VNĐ"&gt;&#xD;
                                            &lt;span class="text-xs font-medium"&gt;14A&lt;/span&gt;&#xD;
                                        &lt;/div&gt;&#xD;
                                        &lt;div class="seat available" data-seat="14B" data-price="1950000.0000" data-class-name="Phổ thông" onclick="selectSeat(this)" title="14B - 1,950,000 VNĐ"&gt;&#xD;
                                            &lt;span class="text-xs font-medium"&gt;14B&lt;/span&gt;&#xD;
                                        &lt;/div&gt;&#xD;
                                        &lt;div class="seat available" data-seat="14C" data-price="1950000.0000" data-class-name="Phổ thông" onclick="selectSeat(this)" title="14C - 1,950,000 VNĐ"&gt;&#xD;
                                            &lt;span class="text-xs font-medium"&gt;14C&lt;/span&gt;&#xD;
                                        &lt;/div&gt;&#xD;
                                        &lt;div class="seat available" data-seat="14D" data-price="1950000.0000" data-class-name="Phổ thông" onclick="selectSeat(this)" title="14D - 1,950,000 VNĐ"&gt;&#xD;
                                            &lt;span class="text-xs font-medium"&gt;14D&lt;/span&gt;&#xD;
                                        &lt;/div&gt;&#xD;
                                        &lt;div class="seat available" data-seat="14E" data-price="1950000.0000" data-class-name="Phổ thông" onclick="selectSeat(this)" title="14E - 1,950,000 VNĐ"&gt;&#xD;
                                            &lt;span class="text-xs font-medium"&gt;14E&lt;/span&gt;&#xD;
                                        &lt;/div&gt;&#xD;
                                        &lt;div class="seat available" data-seat="14F" data-price="1950000.0000" data-class-name="Phổ thông" onclick="selectSeat(this)" title="14F - 1,950,000 VNĐ"&gt;&#xD;
                                            &lt;span class="text-xs font-medium"&gt;14F&lt;/span&gt;&#xD;
                                        &lt;/div&gt;&#xD;
                                        &lt;div class="seat occupied" data-seat="15A" data-price="1950000.0000" data-class-name="Phổ thông" title="15A - 1,950,000 VNĐ"&gt;&#xD;
                                            &lt;span class="text-xs font-medium"&gt;15A&lt;/span&gt;&#xD;
                                        &lt;/div&gt;&#xD;
                                        &lt;div class="seat available" data-seat="15B" data-price="1950000.0000" data-class-name="Phổ thông" onclick="selectSeat(this)" title="15B - 1,950,000 VNĐ"&gt;&#xD;
                                            &lt;span class="text-xs font-medium"&gt;15B&lt;/span&gt;&#xD;
                                        &lt;/div&gt;&#xD;
                                        &lt;div class="seat available" data-seat="15C" data-price="1950000.0000" data-class-name="Phổ thông" onclick="selectSeat(this)" title="15C - 1,950,000 VNĐ"&gt;&#xD;
                                            &lt;span class="text-xs font-medium"&gt;15C&lt;/span&gt;&#xD;
                                        &lt;/div&gt;&#xD;
                                        &lt;div class="seat available" data-seat="15D" data-price="1950000.0000" data-class-name="Phổ thông" onclick="selectSeat(this)" title="15D - 1,950,000 VNĐ"&gt;&#xD;
                                            &lt;span class="text-xs font-medium"&gt;15D&lt;/span&gt;&#xD;
                                        &lt;/div&gt;&#xD;
[...]
                    &lt;/ul&gt;&#xD;
                &lt;/div&gt;&#xD;
&#xD;
                &lt;!-- Contact --&gt;&#xD;
                &lt;div&gt;&#xD;
                    &lt;h3 class="text-lg font-semibold mb-4"&gt;Liên hệ&lt;/h3&gt;&#xD;
                    &lt;div class="space-y-2"&gt;&#xD;
                        &lt;p class="text-gray-400 flex items-center"&gt;&#xD;
                            &lt;i class="fas fa-phone mr-2"&gt;&lt;/i&gt;1900 1234&#xD;
                        &lt;/p&gt;&#xD;
                        &lt;p class="text-gray-400 flex items-center"&gt;&#xD;
                            &lt;i class="fas fa-envelope mr-2"&gt;&lt;/i&gt;support@skybooking.vn&#xD;
                        &lt;/p&gt;&#xD;
                        &lt;p class="text-gray-400 flex items-center"&gt;&#xD;
                            &lt;i class="fas fa-map-marker-alt mr-2"&gt;&lt;/i&gt;Hà Nội, Việt Nam&#xD;
                        &lt;/p&gt;&#xD;
                    &lt;/div&gt;&#xD;
                &lt;/div&gt;&#xD;
            &lt;/div&gt;&#xD;
&#xD;
            &lt;div class="border-t border-gray-700 mt-8 pt-8 text-center"&gt;&#xD;
                &lt;p class="text-gray-400"&gt;© 2024 SkyBooking. Tất cả quyền được bảo lưu.&lt;/p&gt;&#xD;
            &lt;/div&gt;&#xD;
        &lt;/div&gt;&#xD;
    &lt;/footer&gt;&#xD;
&#xD;
&#xD;
&lt;/body&gt;&lt;/html&gt;</StdOut>
        <ErrorInfo>
          <Message>Test method QuanLyMayBayTest.TCADMIN01Test.tCDATVE14 threw exception: &#xD;
OpenQA.Selenium.WebDriverTimeoutException: Timed out after 10 seconds ---&gt; OpenQA.Selenium.NoSuchElementException: no such element: Unable to locate element: {"method":"css selector","selector":".sm\3Atext-3xl"}
  (Session info: chrome=148.0.7778.217); For documentation on this error, please visit: https://www.selenium.dev/documentation/webdriver/troubleshooting/errors#nosuchelementexception</Message>
          <StackTrace>    at OpenQA.Selenium.WebDriver.UnpackAndThrowOnError(Response errorResponse, String commandToExecute)&#xD;
   at OpenQA.Selenium.WebDriver.&lt;ExecuteAsync&gt;d__63.MoveNext()&#xD;
--- End of stack trace from previous location where exception was thrown ---&#xD;
   at System.Runtime.ExceptionServices.ExceptionDispatchInfo.Throw()&#xD;
   at System.Runtime.CompilerServices.TaskAwaiter.HandleNonSuccessAndDebuggerNotification(Task task)&#xD;
   at OpenQA.Selenium.WebDriver.Execute(String driverCommandToExecute, Dictionary`2 parameters)&#xD;
   at OpenQA.Selenium.WebDriver.FindElement(String mechanism, String value)&#xD;
   at QuanLyMayBayTest.TCADMIN01Test.&lt;&gt;c.&lt;tCDATVE14&gt;b__25_6(IWebDriver d) in e:\Tich_Ta_KiemDinh\DoAnMonHoc\QuanLyMayBay\QuanLyMayBayTest\NguyenVanDuc.cs:line 954&#xD;
   at OpenQA.Selenium.Support.UI.DefaultWait`1.Until[TResult](Func`2 condition, CancellationToken token)&#xD;
--- End of inner exception stack trace ---&#xD;
    at OpenQA.Selenium.Support.UI.DefaultWait`1.ThrowTimeoutException(String exceptionMessage, Exception lastException)&#xD;
   at OpenQA.Selenium.Support.UI.DefaultWait`1.Until[TResult](Func`2 condition, CancellationToken token)&#xD;
   at OpenQA.Selenium.Support.UI.DefaultWait`1.Until[TResult](Func`2 condition)&#xD;
   at QuanLyMayBayTest.TCADMIN01Test.tCDATVE14() in e:\Tich_Ta_KiemDinh\DoAnMonHoc\QuanLyMayBay\QuanLyMayBayTest\NguyenVanDuc.cs:line 960&#xD;
</StackTrace>
        </ErrorInfo>
      </Output>
    </UnitTestResult>
    <UnitTestResult executionId="70790a6b-8db6-4a95-bc3c-992c2ea3354e" testId="a67776b9-27d0-c496-ca3f-a191fcadfd00" testName="tCADMIN16" computerName="DESKTOP-J6I016E" duration="00:00:09.2513365" startTime="2026-06-10T22:45:48.5371843+07:00" endTime="2026-06-10T22:45:57.7889802+07:00" testType="13cdc9d9-ddb5-4fa4-a97d-d965ccfc6d4b" outcome="Passed" testListId="8c84fa94-04c1-424b-9868-57a2d4851a1d" relativeResultsDirectory="70790a6b-8db6-4a95-bc3c-992c2ea3354e" />
    <UnitTestResult executionId="184a5862-52c4-4d92-b379-f95293e72d8f" testId="c7b1669f-d2aa-73ef-07b3-9c5982b72d31" testName="tCDATVE15" computerName="DESKTOP-J6I016E" duration="00:00:23.7007352" startTime="2026-06-10T22:46:29.1089919+07:00" endTime="2026-06-10T22:46:52.8099824+07:00" testType="13cdc9d9-ddb5-4fa4-a97d-d965ccfc6d4b" outcome="Failed" testListId="8c84fa94-04c1-424b-9868-57a2d4851a1d" relativeResultsDirectory="184a5862-52c4-4d92-b379-f95293e72d8f">
      <Output>
        <ErrorInfo>
          <Message>Test method QuanLyMayBayTest.TCADMIN01Test.tCDATVE15 threw exception: &#xD;
OpenQA.Selenium.WebDriverTimeoutException: Timed out after 10 seconds ---&gt; OpenQA.Selenium.NoSuchElementException: no such element: Unable to locate element: {"method":"css selector","selector":".sm\3Atext-3xl"}
  (Session info: chrome=148.0.7778.217); For documentation on this error, please visit: https://www.selenium.dev/documentation/webdriver/troubleshooting/errors#nosuchelementexception</Message>
          <StackTrace>    at OpenQA.Selenium.WebDriver.UnpackAndThrowOnError(Response errorResponse, String commandToExecute)&#xD;
   at OpenQA.Selenium.WebDriver.&lt;ExecuteAsync&gt;d__63.MoveNext()&#xD;
--- End of stack trace from previous location where exception was thrown ---&#xD;
   at System.Runtime.ExceptionServices.ExceptionDispatchInfo.Throw()&#xD;
   at System.Runtime.CompilerServices.TaskAwaiter.HandleNonSuccessAndDebuggerNotification(Task task)&#xD;
   at OpenQA.Selenium.WebDriver.Execute(String driverCommandToExecute, Dictionary`2 parameters)&#xD;
   at OpenQA.Selenium.WebDriver.FindElement(String mechanism, String value)&#xD;
   at QuanLyMayBayTest.TCADMIN01Test.&lt;&gt;c.&lt;tCDATVE15&gt;b__26_6(IWebDriver d) in e:\Tich_Ta_KiemDinh\DoAnMonHoc\QuanLyMayBay\QuanLyMayBayTest\NguyenVanDuc.cs:line 1038&#xD;
   at OpenQA.Selenium.Support.UI.DefaultWait`1.Until[TResult](Func`2 condition, CancellationToken token)&#xD;
--- End of inner exception stack trace ---&#xD;
    at OpenQA.Selenium.Support.UI.DefaultWait`1.ThrowTimeoutException(String exceptionMessage, Exception lastException)&#xD;
   at OpenQA.Selenium.Support.UI.DefaultWait`1.Until[TResult](Func`2 condition, CancellationToken token)&#xD;
   at OpenQA.Selenium.Support.UI.DefaultWait`1.Until[TResult](Func`2 condition)&#xD;
   at QuanLyMayBayTest.TCADMIN01Test.tCDATVE15() in e:\Tich_Ta_KiemDinh\DoAnMonHoc\QuanLyMayBay\QuanLyMayBayTest\NguyenVanDuc.cs:line 1038&#xD;
</StackTrace>
        </ErrorInfo>
      </Output>
    </UnitTestResult>
  </Results>
  <TestDefinitions>
    <UnitTest name="tCADMIN01" storage="e:\tich_ta_kiemdinh\doanmonhoc\quanlymaybay\quanlymaybaytest\bin\debug\quanlymaybaytest.dll" id="9e0d767b-ff12-9b67-fab1-2f92e7eab9f0">
      <Execution id="d1686d87-20d1-4133-9765-7f2b45c485ff" />
      <TestMethod codeBase="e:\Tich_Ta_KiemDinh\DoAnMonHoc\QuanLyMayBay\QuanLyMayBayTest\bin\Debug\QuanLyMayBayTest.dll" adapterTypeName="executor://mstestadapter/v2" className="QuanLyMayBayTest.TCADMIN01Test" name="tCADMIN01" />
    </UnitTest>
    <UnitTest name="tCADMIN12" storage="e:\tich_ta_kiemdinh\doanmonhoc\quanlymaybay\quanlymaybaytest\bin\debug\quanlymaybaytest.dll" id="348da6f5-0a2d-d43c-3e25-d5463b52bc9b">
      <Execution id="f8592996-a556-457a-9d1b-16f27b912996" />
      <TestMethod codeBase="e:\Tich_Ta_KiemDinh\DoAnMonHoc\QuanLyMayBay\QuanLyMayBayTest\bin\Debug\QuanLyMayBayTest.dll" adapterTypeName="executor://mstestadapter/v2" className="QuanLyMayBayTest.TCADMIN01Test" name="tCADMIN12" />
    </UnitTest>
    <UnitTest name="tCADMIN07" storage="e:\tich_ta_kiemdinh\doanmonhoc\quanlymaybay\quanlymaybaytest\bin\debug\quanlymaybaytest.dll" id="36bab48e-5f42-41b1-fdb4-290d3b2d0b95">
      <Execution id="89e37578-ce0c-4b79-ab50-58307fef7b90" />
      <TestMethod codeBase="e:\Tich_Ta_KiemDinh\DoAnMonHoc\QuanLyMayBay\QuanLyMayBayTest\bin\Debug\QuanLyMayBayTest.dll" adapterTypeName="executor://mstestadapter/v2" className="QuanLyMayBayTest.TCADMIN01Test" name="tCADMIN07" />
    </UnitTest>
    <UnitTest name="tCADMIN05" storage="e:\tich_ta_kiemdinh\doanmonhoc\quanlymaybay\quanlymaybaytest\bin\debug\quanlymaybaytest.dll" id="57d1943c-65ea-6126-10b7-a426e576efb0">
      <Execution id="b8a88906-55e6-4c67-a2fd-a7ca31d1fec4" />
      <TestMethod codeBase="e:\Tich_Ta_KiemDinh\DoAnMonHoc\QuanLyMayBay\QuanLyMayBayTest\bin\Debug\QuanLyMayBayTest.dll" adapterTypeName="executor://mstestadapter/v2" className="QuanLyMayBayTest.TCADMIN01Test" name="tCADMIN05" />
    </UnitTest>
    <UnitTest name="tCDATVE15" storage="e:\tich_ta_kiemdinh\doanmonhoc\quanlymaybay\quanlymaybaytest\bin\debug\quanlymaybaytest.dll" id="c7b1669f-d2aa-73ef-07b3-9c5982b72d31">
      <Execution id="184a5862-52c4-4d92-b379-f95293e72d8f" />
      <TestMethod codeBase="e:\Tich_Ta_KiemDinh\DoAnMonHoc\QuanLyMayBay\QuanLyMayBayTest\bin\Debug\QuanLyMayBayTest.dll" adapterTypeName="executor://mstestadapter/v2" className="QuanLyMayBayTest.TCADMIN01Test" name="tCDATVE15" />
    </UnitTest>
    <UnitTest name="tCADMIN04" storage="e:\tich_ta_kiemdinh\doanmonhoc\quanlymaybay\quanlymaybaytest\bin\debug\quanlymaybaytest.dll" id="3e7883da-564b-9a44-5907-fe1718a78ac0">
      <Execution id="9332e819-85c2-4bfb-97a0-a4c95de2a9a5" />
      <TestMethod codeBase="e:\Tich_Ta_KiemDinh\DoAnMonHoc\QuanLyMayBay\QuanLyMayBayTest\bin\Debug\QuanLyMayBayTest.dll" adapterTypeName="executor://mstestadapter/v2" className="QuanLyMayBayTest.TCADMIN01Test" name="tCADMIN04" />
    </UnitTest>
    <UnitTest name="tCADMIN15" storage="e:\tich_ta_kiemdinh\doanmonhoc\quanlymaybay\quanlymaybaytest\bin\debug\quanlymaybaytest.dll" id="5cc0300e-6532-ce26-8608-e2b045a54643">
      <Execution id="c2d4e4ac-d05c-4c68-b9de-19ababa1e1d5" />
      <TestMethod codeBase="e:\Tich_Ta_KiemDinh\DoAnMonHoc\QuanLyMayBay\QuanLyMayBayTest\bin\Debug\QuanLyMayBayTest.dll" adapterTypeName="executor://mstestadapter/v2" className="QuanLyMayBayTest.TCADMIN01Test" name="tCADMIN15" />
    </UnitTest>
    <UnitTest name="tCADMIN10" storage="e:\tich_ta_kiemdinh\doanmonhoc\quanlymaybay\quanlymaybaytest\bin\debug\quanlymaybaytest.dll" id="5aff605e-2474-b891-46c5-659e7af8cf20">
      <Execution id="b694e287-4461-483b-9c20-8d552ce169a3" />
      <TestMethod codeBase="e:\Tich_Ta_KiemDinh\DoAnMonHoc\QuanLyMayBay\QuanLyMayBayTest\bin\Debug\QuanLyMayBayTest.dll" adapterTypeName="executor://mstestadapter/v2" className="QuanLyMayBayTest.TCADMIN01Test" name="tCADMIN10" />
    </UnitTest>
    <UnitTest name="tCADMIN03" storage="e:\tich_ta_kiemdinh\doanmonhoc\quanlymaybay\quanlymaybaytest\bin\debug\quanlymaybaytest.dll" id="a78e4e4a-2469-b524-e5a6-449855fbee2e">
      <Execution id="030d84f3-4a2a-49b3-9711-44df15833166" />
      <TestMethod codeBase="e:\Tich_Ta_KiemDinh\DoAnMonHoc\QuanLyMayBay\QuanLyMayBayTest\bin\Debug\QuanLyMayBayTest.dll" adapterTypeName="executor://mstestadapter/v2" className="QuanLyMayBayTest.TCADMIN01Test" name="tCADMIN03" />
    </UnitTest>
    <UnitTest name="tCADMIN08" storage="e:\tich_ta_kiemdinh\doanmonhoc\quanlymaybay\quanlymaybaytest\bin\debug\quanlymaybaytest.dll" id="6cc14e0c-e84a-88ab-c974-1b9bb5a16f81">
      <Execution id="422d55b0-090d-49ea-96bc-2abb392e2d95" />
      <TestMethod codeBase="e:\Tich_Ta_KiemDinh\DoAnMonHoc\QuanLyMayBay\QuanLyMayBayTest\bin\Debug\QuanLyMayBayTest.dll" adapterTypeName="executor://mstestadapter/v2" className="QuanLyMayBayTest.TCADMIN01Test" name="tCADMIN08" />
    </UnitTest>
    <UnitTest name="tCDATVE16" storage="e:\tich_ta_kiemdinh\doanmonhoc\quanlymaybay\quanlymaybaytest\bin\debug\quanlymaybaytest.dll" id="c341b123-d573-865b-3e26-eecb768849cf">
      <Execution id="393e85bf-1628-45b8-a919-51379e3feb49" />
      <TestMethod codeBase="e:\Tich_Ta_KiemDinh\DoAnMonHoc\QuanLyMayBay\QuanLyMayBayTest\bin\Debug\QuanLyMayBayTest.dll" adapterTypeName="executor://mstestadapter/v2" className="QuanLyMayBayTest.TCADMIN01Test" name="tCDATVE16" />
    </UnitTest>
    <UnitTest name="tCADMIN16" storage="e:\tich_ta_kiemdinh\doanmonhoc\quanlymaybay\quanlymaybaytest\bin\debug\quanlymaybaytest.dll" id="a67776b9-27d0-c496-ca3f-a191fcadfd00">
      <Execution id="70790a6b-8db6-4a95-bc3c-992c2ea3354e" />
      <TestMethod codeBase="e:\Tich_Ta_KiemDinh\DoAnMonHoc\QuanLyMayBay\QuanLyMayBayTest\bin\Debug\QuanLyMayBayTest.dll" adapterTypeName="executor://mstestadapter/v2" className="QuanLyMayBayTest.TCADMIN01Test" name="tCADMIN16" />
    </UnitTest>
    <UnitTest name="tCADMIN06" storage="e:\tich_ta_kiemdinh\doanmonhoc\quanlymaybay\quanlymaybaytest\bin\debug\quanlymaybaytest.dll" id="36d3e017-9a5d-e045-07ce-a22f043d0fce">
      <Execution id="14e5b698-49ba-46e4-8a32-1d91c4ae0abd" />
      <TestMethod codeBase="e:\Tich_Ta_KiemDinh\DoAnMonHoc\QuanLyMayBay\QuanLyMayBayTest\bin\Debug\QuanLyMayBayTest.dll" adapterTypeName="executor://mstestadapter/v2" className="QuanLyMayBayTest.TCADMIN01Test" name="tCADMIN06" />
    </UnitTest>
    <UnitTest name="tCBVA04" storage="e:\tich_ta_kiemdinh\doanmonhoc\quanlymaybay\quanlymaybaytest\bin\debug\quanlymaybaytest.dll" id="239db3d4-c351-c415-f437-3ec6ddcafdee">
      <Execution id="d2a90bdc-d7db-4fdd-9e3a-03e58f0f709d" />
      <TestMethod codeBase="e:\Tich_Ta_KiemDinh\DoAnMonHoc\QuanLyMayBay\QuanLyMayBayTest\bin\Debug\QuanLyMayBayTest.dll" adapterTypeName="executor://mstestadapter/v2" className="QuanLyMayBayTest.TCADMIN01Test" name="tCBVA04" />
    </UnitTest>
    <UnitTest name="tCADMIN14" storage="e:\tich_ta_kiemdinh\doanmonhoc\quanlymaybay\quanlymaybaytest\bin\debug\quanlymaybaytest.dll" id="6492264e-7c22-cf76-acc1-9668ccdee6b7">
      <Execution id="946c3557-8b7c-4b6a-8a2f-a141ea7925c7" />
      <TestMethod codeBase="e:\Tich_Ta_KiemDinh\DoAnMonHoc\QuanLyMayBay\QuanLyMayBayTest\bin\Debug\QuanLyMayBayTest.dll" adapterTypeName="executor://mstestadapter/v2" className="QuanLyMayBayTest.TCADMIN01Test" name="tCADMIN14" />
    </UnitTest>
    <UnitTest name="tCADMIN09" storage="e:\tich_ta_kiemdinh\doanmonhoc\quanlymaybay\quanlymaybaytest\bin\debug\quanlymaybaytest.dll" id="6b003f0f-1d10-9789-ad92-d61a95562aac">
      <Execution id="2a4d73c9-1551-49cc-8262-dd032e608f4e" />
      <TestMethod codeBase="e:\Tich_Ta_KiemDinh\DoAnMonHoc\QuanLyMayBay\QuanLyMayBayTest\bin\Debug\QuanLyMayBayTest.dll" adapterTypeName="executor://mstestadapter/v2" className="QuanLyMayBayTest.TCADMIN01Test" name="tCADMIN09" />
    </UnitTest>
    <UnitTest name="tCADMIN02" storage="e:\tich_ta_kiemdinh\doanmonhoc\quanlymaybay\quanlymaybaytest\bin\debug\quanlymaybaytest.dll" id="c7fde5b2-8440-f6c7-b8b8-c88d30ca7910">
      <Execution id="d5684b95-16ca-44d5-88cb-5bb8dec18004" />
      <TestMethod codeBase="e:\Tich_Ta_KiemDinh\DoAnMonHoc\QuanLyMayBay\QuanLyMayBayTest\bin\Debug\QuanLyMayBayTest.dll" adapterTypeName="executor://mstestadapter/v2" className="QuanLyMayBayTest.TCADMIN01Test" name="tCADMIN02" />
    </UnitTest>
    <UnitTest name="tCDATVE14" storage="e:\tich_ta_kiemdinh\doanmonhoc\quanlymaybay\quanlymaybaytest\bin\debug\quanlymaybaytest.dll" id="1269528d-c3bf-f16e-ad65-d31be3aa6387">
      <Execution id="f90e08fd-70ed-4148-85a2-4a28612c8965" />
      <TestMethod codeBase="e:\Tich_Ta_KiemDinh\DoAnMonHoc\QuanLyMayBay\QuanLyMayBayTest\bin\Debug\QuanLyMayBayTest.dll" adapterTypeName="executor://mstestadapter/v2" className="QuanLyMayBayTest.TCADMIN01Test" name="tCDATVE14" />
    </UnitTest>
    <UnitTest name="tCADMIN11" storage="e:\tich_ta_kiemdinh\doanmonhoc\quanlymaybay\quanlymaybaytest\bin\debug\quanlymaybaytest.dll" id="42da0dae-5796-6fd6-96c7-2e6759d2eb09">
      <Execution id="9c17fa01-82d2-4307-9217-8b9e4a7841b6" />
      <TestMethod codeBase="e:\Tich_Ta_KiemDinh\DoAnMonHoc\QuanLyMayBay\QuanLyMayBayTest\bin\Debug\QuanLyMayBayTest.dll" adapterTypeName="executor://mstestadapter/v2" className="QuanLyMayBayTest.TCADMIN01Test" name="tCADMIN11" />
    </UnitTest>
    <UnitTest name="tCADMIN13" storage="e:\tich_ta_kiemdinh\doanmonhoc\quanlymaybay\quanlymaybaytest\bin\debug\quanlymaybaytest.dll" id="753c4c9a-75d5-6297-db18-e68bd46b2849">
      <Execution id="a81c5dec-6fde-45dc-9035-7102ba925b27" />
      <TestMethod codeBase="e:\Tich_Ta_KiemDinh\DoAnMonHoc\QuanLyMayBay\QuanLyMayBayTest\bin\Debug\QuanLyMayBayTest.dll" adapterTypeName="executor://mstestadapter/v2" className="QuanLyMayBayTest.TCADMIN01Test" name="tCADMIN13" />
    </UnitTest>
  </TestDefinitions>
  <TestEntries>
    <TestEntry testId="5aff605e-2474-b891-46c5-659e7af8cf20" executionId="b694e287-4461-483b-9c20-8d552ce169a3" testListId="8c84fa94-04c1-424b-9868-57a2d4851a1d" />
    <TestEntry testId="6cc14e0c-e84a-88ab-c974-1b9bb5a16f81" executionId="422d55b0-090d-49ea-96bc-2abb392e2d95" testListId="8c84fa94-04c1-424b-9868-57a2d4851a1d" />
    <TestEntry testId="3e7883da-564b-9a44-5907-fe1718a78ac0" executionId="9332e819-85c2-4bfb-97a0-a4c95de2a9a5" testListId="8c84fa94-04c1-424b-9868-57a2d4851a1d" />
    <TestEntry testId="36bab48e-5f42-41b1-fdb4-290d3b2d0b95" executionId="89e37578-ce0c-4b79-ab50-58307fef7b90" testListId="8c84fa94-04c1-424b-9868-57a2d4851a1d" />
    <TestEntry testId="42da0dae-5796-6fd6-96c7-2e6759d2eb09" executionId="9c17fa01-82d2-4307-9217-8b9e4a7841b6" testListId="8c84fa94-04c1-424b-9868-57a2d4851a1d" />
    <TestEntry testId="57d1943c-65ea-6126-10b7-a426e576efb0" executionId="b8a88906-55e6-4c67-a2fd-a7ca31d1fec4" testListId="8c84fa94-04c1-424b-9868-57a2d4851a1d" />
    <TestEntry testId="753c4c9a-75d5-6297-db18-e68bd46b2849" executionId="a81c5dec-6fde-45dc-9035-7102ba925b27" testListId="8c84fa94-04c1-424b-9868-57a2d4851a1d" />
    <TestEntry testId="c341b123-d573-865b-3e26-eecb768849cf" executionId="393e85bf-1628-45b8-a919-51379e3feb49" testListId="8c84fa94-04c1-424b-9868-57a2d4851a1d" />
    <TestEntry testId="6b003f0f-1d10-9789-ad92-d61a95562aac" executionId="2a4d73c9-1551-49cc-8262-dd032e608f4e" testListId="8c84fa94-04c1-424b-9868-57a2d4851a1d" />
    <TestEntry testId="348da6f5-0a2d-d43c-3e25-d5463b52bc9b" executionId="f8592996-a556-457a-9d1b-16f27b912996" testListId="8c84fa94-04c1-424b-9868-57a2d4851a1d" />
    <TestEntry testId="a78e4e4a-2469-b524-e5a6-449855fbee2e" executionId="030d84f3-4a2a-49b3-9711-44df15833166" testListId="8c84fa94-04c1-424b-9868-57a2d4851a1d" />
    <TestEntry testId="239db3d4-c351-c415-f437-3ec6ddcafdee" executionId="d2a90bdc-d7db-4fdd-9e3a-03e58f0f709d" testListId="8c84fa94-04c1-424b-9868-57a2d4851a1d" />
    <TestEntry testId="36d3e017-9a5d-e045-07ce-a22f043d0fce" executionId="14e5b698-49ba-46e4-8a32-1d91c4ae0abd" testListId="8c84fa94-04c1-424b-9868-57a2d4851a1d" />
    <TestEntry testId="6492264e-7c22-cf76-acc1-9668ccdee6b7" executionId="946c3557-8b7c-4b6a-8a2f-a141ea7925c7" testListId="8c84fa94-04c1-424b-9868-57a2d4851a1d" />
    <TestEntry testId="c7fde5b2-8440-f6c7-b8b8-c88d30ca7910" executionId="d5684b95-16ca-44d5-88cb-5bb8dec18004" testListId="8c84fa94-04c1-424b-9868-57a2d4851a1d" />
    <TestEntry testId="5cc0300e-6532-ce26-8608-e2b045a54643" executionId="c2d4e4ac-d05c-4c68-b9de-19ababa1e1d5" testListId="8c84fa94-04c1-424b-9868-57a2d4851a1d" />
    <TestEntry testId="9e0d767b-ff12-9b67-fab1-2f92e7eab9f0" executionId="d1686d87-20d1-4133-9765-7f2b45c485ff" testListId="8c84fa94-04c1-424b-9868-57a2d4851a1d" />
    <TestEntry testId="1269528d-c3bf-f16e-ad65-d31be3aa6387" executionId="f90e08fd-70ed-4148-85a2-4a28612c8965" testListId="8c84fa94-04c1-424b-9868-57a2d4851a1d" />
    <TestEntry testId="a67776b9-27d0-c496-ca3f-a191fcadfd00" executionId="70790a6b-8db6-4a95-bc3c-992c2ea3354e" testListId="8c84fa94-04c1-424b-9868-57a2d4851a1d" />
    <TestEntry testId="c7b1669f-d2aa-73ef-07b3-9c5982b72d31" executionId="184a5862-52c4-4d92-b379-f95293e72d8f" testListId="8c84fa94-04c1-424b-9868-57a2d4851a1d" />
  </TestEntries>
  <TestLists>
    <TestList name="Results Not in a List" id="8c84fa94-04c1-424b-9868-57a2d4851a1d" />
    <TestList name="All Loaded Results" id="19431567-8539-422a-85d7-44ee4e166bda" />
  </TestLists>
  <ResultSummary outcome="Failed">
    <Counters total="20" executed="20" passed="16" failed="4" error="0" timeout="0" aborted="0" inconclusive="0" passedButRunAborted="0" notRunnable="0" notExecuted="0" disconnected="0" warning="0" completed="0" inProgress="0" pending="0" />
  </ResultSummary>
</TestRun>